[02-May-2025 00:26:20 UTC] ************************ GET_YEARS.PHP CALLED ************************
[02-May-2025 00:26:20 UTC] SESSION in get_years.php: Array
(
    [username] => Lipa
    [user_id] => 1
    [campus] => Lipa
)

[02-May-2025 00:26:20 UTC] GET in get_years.php: Array
(
    [nocache] => 1746145580380
    [request] => 88wrlgljvww
)

[02-May-2025 00:26:20 UTC] COOKIE in get_years.php: Array
(
    [PHPSESSID] => csj4mkhnc254lgcjid7idorre2
)

[02-May-2025 00:26:20 UTC] ####### CRITICAL CHECK: SESSION USERNAME = 'Lipa', USING CAMPUS = 'Lipa' #######
[02-May-2025 00:26:20 UTC] Fetching years ONLY for logged in campus: Lipa (ignoring any overrides)
[02-May-2025 00:26:20 UTC] FULL DATABASE CHECK - All campuses in ppas_forms table:
[02-May-2025 00:26:20 UTC] CAMPUS COUNTS IN DATABASE:
[02-May-2025 00:26:20 UTC] ===> CAMPUS: 'Alangilan' has 1 records
[02-May-2025 00:26:20 UTC] ===> CAMPUS: 'Lipa' has 10 records
[02-May-2025 00:26:20 UTC] ===> CAMPUS: 'Lobo' has 1 records
[02-May-2025 00:26:20 UTC] DETAILED COUNT: Found 10 records for campus 'Lipa' in ppas_forms table
[02-May-2025 00:26:20 UTC] SAMPLE RECORDS FOR CAMPUS 'Lipa':
[02-May-2025 00:26:20 UTC] RECORD: ID=1, CAMPUS='Lipa', YEAR=2028, QUARTER=Q1, ACTIVITY='Test Activity'
[02-May-2025 00:26:20 UTC] RECORD: ID=2, CAMPUS='Lipa', YEAR=2028, QUARTER=Q1, ACTIVITY='Test Activity1'
[02-May-2025 00:26:20 UTC] RECORD: ID=3, CAMPUS='Lipa', YEAR=2028, QUARTER=Q1, ACTIVITY='Activity A'
[02-May-2025 00:26:20 UTC] RECORD: ID=4, CAMPUS='Lipa', YEAR=2028, QUARTER=Q1, ACTIVITY='Activity B'
[02-May-2025 00:26:20 UTC] RECORD: ID=5, CAMPUS='Lipa', YEAR=2028, QUARTER=Q3, ACTIVITY='Activity C'
[02-May-2025 00:26:20 UTC] SQL Query: SELECT DISTINCT year FROM ppas_forms WHERE campus = ? ORDER BY year DESC with strict campus parameter: [Lipa]
[02-May-2025 00:26:20 UTC] RAW DB FETCH: Found year '2028' for campus 'Lipa'
[02-May-2025 00:26:20 UTC] FETCH SUMMARY: Found 1 years for logged-in campus: Lipa
[02-May-2025 00:26:20 UTC] YEAR[0]: 2028 for campus: Lipa
[02-May-2025 00:26:20 UTC] FINAL RESPONSE: {"success":true,"years":[2028],"campus":"Lipa","username":"Lipa","message":"Years retrieved successfully","debug_time":"2025-05-02 00:26:20","record_count":10}
[02-May-2025 00:26:26 UTC] SESSION in get_activities.php: Array
(
    [username] => Lipa
    [user_id] => 1
    [campus] => Lipa
)

[02-May-2025 00:26:26 UTC] GET in get_activities.php: Array
(
    [year] => 2028
    [quarter] => Q1
    [campus] => Lipa
)

[02-May-2025 00:26:26 UTC] Fetching activities: Year=2028, Quarter=Q1, Campus=Lipa
[02-May-2025 00:26:26 UTC] Using modified SQL Query to show ALL activities: SELECT DISTINCT p.id, p.activity 
              FROM ppas_forms p
              WHERE p.year = ? AND p.quarter = ? AND p.campus = ? 
              ORDER BY p.activity with params: [2028, Q1, Lipa]
[02-May-2025 00:26:26 UTC] Found 1 existing GAD proposals
[02-May-2025 00:26:26 UTC] Found 7 total activities for Lipa, year 2028, quarter Q1
[06-May-2025 02:07:09 UTC] ************************ GET_YEARS.PHP CALLED ************************
[06-May-2025 02:07:09 UTC] SESSION in get_years.php: Array
(
    [username] => Lipa
    [user_id] => 1
    [campus] => Lipa
)

[06-May-2025 02:07:09 UTC] GET in get_years.php: Array
(
    [nocache] => 1746497229494
    [request] => der3mbd1j2
)

[06-May-2025 02:07:09 UTC] COOKIE in get_years.php: Array
(
    [PHPSESSID] => tmhlkgaqcr6o5btbh2hv187lda
)

[06-May-2025 02:07:09 UTC] ####### CRITICAL CHECK: SESSION USERNAME = 'Lipa', USING CAMPUS = 'Lipa' #######
[06-May-2025 02:07:09 UTC] Fetching years ONLY for logged in campus: Lipa (ignoring any overrides)
[06-May-2025 02:07:09 UTC] FULL DATABASE CHECK - All campuses in ppas_forms table:
[06-May-2025 02:07:09 UTC] CAMPUS COUNTS IN DATABASE:
[06-May-2025 02:07:09 UTC] ===> CAMPUS: 'Alangilan' has 1 records
[06-May-2025 02:07:09 UTC] ===> CAMPUS: 'Central' has 2 records
[06-May-2025 02:07:09 UTC] ===> CAMPUS: 'Lipa' has 8 records
[06-May-2025 02:07:09 UTC] ===> CAMPUS: 'Lobo' has 1 records
[06-May-2025 02:07:09 UTC] DETAILED COUNT: Found 8 records for campus 'Lipa' in ppas_forms table
[06-May-2025 02:07:09 UTC] SAMPLE RECORDS FOR CAMPUS 'Lipa':
[06-May-2025 02:07:09 UTC] RECORD: ID=1, CAMPUS='Lipa', YEAR=2028, QUARTER=Q1, ACTIVITY='Test Activity'
[06-May-2025 02:07:09 UTC] RECORD: ID=3, CAMPUS='Lipa', YEAR=2028, QUARTER=Q1, ACTIVITY='Activity A'
[06-May-2025 02:07:09 UTC] RECORD: ID=4, CAMPUS='Lipa', YEAR=2028, QUARTER=Q1, ACTIVITY='Activity B'
[06-May-2025 02:07:09 UTC] RECORD: ID=5, CAMPUS='Lipa', YEAR=2028, QUARTER=Q3, ACTIVITY='Activity C'
[06-May-2025 02:07:09 UTC] RECORD: ID=6, CAMPUS='Lipa', YEAR=2028, QUARTER=Q1, ACTIVITY='Activity D'
[06-May-2025 02:07:09 UTC] SQL Query: SELECT DISTINCT year FROM ppas_forms WHERE campus = ? ORDER BY year DESC with strict campus parameter: [Lipa]
[06-May-2025 02:07:09 UTC] RAW DB FETCH: Found year '2028' for campus 'Lipa'
[06-May-2025 02:07:09 UTC] FETCH SUMMARY: Found 1 years for logged-in campus: Lipa
[06-May-2025 02:07:09 UTC] YEAR[0]: 2028 for campus: Lipa
[06-May-2025 02:07:09 UTC] FINAL RESPONSE: {"success":true,"years":[2028],"campus":"Lipa","username":"Lipa","message":"Years retrieved successfully","debug_time":"2025-05-06 02:07:09","record_count":8}
[07-May-2025 03:36:47 UTC] ************************ GET_YEARS.PHP CALLED ************************
[07-May-2025 03:36:47 UTC] SESSION in get_years.php: Array
(
    [username] => Lipa
    [user_id] => 1
    [campus] => Lipa
)

[07-May-2025 03:36:47 UTC] GET in get_years.php: Array
(
    [nocache] => 1746589007500
    [request] => g9g52qadmba
)

[07-May-2025 03:36:47 UTC] COOKIE in get_years.php: Array
(
    [PHPSESSID] => jm0iqavmmsvv4is50o4dd3nsll
)

[07-May-2025 03:36:47 UTC] ####### CRITICAL CHECK: SESSION USERNAME = 'Lipa', USING CAMPUS = 'Lipa' #######
[07-May-2025 03:36:47 UTC] Fetching years ONLY for logged in campus: Lipa (ignoring any overrides)
[07-May-2025 03:36:47 UTC] FULL DATABASE CHECK - All campuses in ppas_forms table:
[07-May-2025 03:36:47 UTC] CAMPUS COUNTS IN DATABASE:
[07-May-2025 03:36:47 UTC] ===> CAMPUS: 'Alangilan' has 1 records
[07-May-2025 03:36:47 UTC] ===> CAMPUS: 'Central' has 2 records
[07-May-2025 03:36:47 UTC] ===> CAMPUS: 'Lipa' has 8 records
[07-May-2025 03:36:47 UTC] ===> CAMPUS: 'Lobo' has 1 records
[07-May-2025 03:36:47 UTC] DETAILED COUNT: Found 8 records for campus 'Lipa' in ppas_forms table
[07-May-2025 03:36:47 UTC] SAMPLE RECORDS FOR CAMPUS 'Lipa':
[07-May-2025 03:36:47 UTC] RECORD: ID=1, CAMPUS='Lipa', YEAR=2028, QUARTER=Q1, ACTIVITY='Test Activity'
[07-May-2025 03:36:47 UTC] RECORD: ID=3, CAMPUS='Lipa', YEAR=2028, QUARTER=Q1, ACTIVITY='Activity A'
[07-May-2025 03:36:47 UTC] RECORD: ID=4, CAMPUS='Lipa', YEAR=2028, QUARTER=Q1, ACTIVITY='Activity B'
[07-May-2025 03:36:47 UTC] RECORD: ID=5, CAMPUS='Lipa', YEAR=2028, QUARTER=Q3, ACTIVITY='Activity C'
[07-May-2025 03:36:47 UTC] RECORD: ID=6, CAMPUS='Lipa', YEAR=2028, QUARTER=Q1, ACTIVITY='Activity D'
[07-May-2025 03:36:47 UTC] SQL Query: SELECT DISTINCT year FROM ppas_forms WHERE campus = ? ORDER BY year DESC with strict campus parameter: [Lipa]
[07-May-2025 03:36:47 UTC] RAW DB FETCH: Found year '2028' for campus 'Lipa'
[07-May-2025 03:36:47 UTC] FETCH SUMMARY: Found 1 years for logged-in campus: Lipa
[07-May-2025 03:36:47 UTC] YEAR[0]: 2028 for campus: Lipa
[07-May-2025 03:36:47 UTC] FINAL RESPONSE: {"success":true,"years":[2028],"campus":"Lipa","username":"Lipa","message":"Years retrieved successfully","debug_time":"2025-05-07 03:36:47","record_count":8}
[07-May-2025 03:36:51 UTC] SESSION in get_activities.php: Array
(
    [username] => Lipa
    [user_id] => 1
    [campus] => Lipa
)

[07-May-2025 03:36:51 UTC] GET in get_activities.php: Array
(
    [year] => 2028
    [quarter] => Q2
    [campus] => Lipa
)

[07-May-2025 03:36:51 UTC] Fetching activities: Year=2028, Quarter=Q2, Campus=Lipa
[07-May-2025 03:36:51 UTC] Using modified SQL Query to show ALL activities: SELECT DISTINCT p.id, p.activity 
              FROM ppas_forms p
              WHERE p.year = ? AND p.quarter = ? AND p.campus = ? 
              ORDER BY p.activity with params: [2028, Q2, Lipa]
[07-May-2025 03:36:51 UTC] Found 2 existing GAD proposals
[07-May-2025 03:36:51 UTC] Found 0 total activities for Lipa, year 2028, quarter Q2
[07-May-2025 07:03:50 UTC] ************************ GET_YEARS.PHP CALLED ************************
[07-May-2025 07:03:50 UTC] SESSION in get_years.php: Array
(
    [username] => Lipa
    [user_id] => 1
    [campus] => Lipa
)

[07-May-2025 07:03:50 UTC] GET in get_years.php: Array
(
    [nocache] => 1746601430024
    [request] => r9svboldhy
)

[07-May-2025 07:03:50 UTC] COOKIE in get_years.php: Array
(
    [PHPSESSID] => jm0iqavmmsvv4is50o4dd3nsll
)

[07-May-2025 07:03:50 UTC] ####### CRITICAL CHECK: SESSION USERNAME = 'Lipa', USING CAMPUS = 'Lipa' #######
[07-May-2025 07:03:50 UTC] Fetching years ONLY for logged in campus: Lipa (ignoring any overrides)
[07-May-2025 07:03:50 UTC] FULL DATABASE CHECK - All campuses in ppas_forms table:
[07-May-2025 07:03:50 UTC] CAMPUS COUNTS IN DATABASE:
[07-May-2025 07:03:50 UTC] ===> CAMPUS: 'Alangilan' has 1 records
[07-May-2025 07:03:50 UTC] ===> CAMPUS: 'Central' has 2 records
[07-May-2025 07:03:50 UTC] ===> CAMPUS: 'Lipa' has 8 records
[07-May-2025 07:03:50 UTC] ===> CAMPUS: 'Lobo' has 1 records
[07-May-2025 07:03:50 UTC] DETAILED COUNT: Found 8 records for campus 'Lipa' in ppas_forms table
[07-May-2025 07:03:50 UTC] SAMPLE RECORDS FOR CAMPUS 'Lipa':
[07-May-2025 07:03:50 UTC] RECORD: ID=1, CAMPUS='Lipa', YEAR=2026, QUARTER=Q1, ACTIVITY='Test Activity'
[07-May-2025 07:03:50 UTC] RECORD: ID=3, CAMPUS='Lipa', YEAR=2026, QUARTER=Q1, ACTIVITY='Activity A'
[07-May-2025 07:03:50 UTC] RECORD: ID=4, CAMPUS='Lipa', YEAR=2028, QUARTER=Q1, ACTIVITY='Activity B'
[07-May-2025 07:03:50 UTC] RECORD: ID=5, CAMPUS='Lipa', YEAR=2028, QUARTER=Q3, ACTIVITY='Activity C'
[07-May-2025 07:03:50 UTC] RECORD: ID=6, CAMPUS='Lipa', YEAR=2028, QUARTER=Q1, ACTIVITY='Activity D'
[07-May-2025 07:03:50 UTC] SQL Query: SELECT DISTINCT year FROM ppas_forms WHERE campus = ? ORDER BY year DESC with strict campus parameter: [Lipa]
[07-May-2025 07:03:50 UTC] RAW DB FETCH: Found year '2028' for campus 'Lipa'
[07-May-2025 07:03:50 UTC] RAW DB FETCH: Found year '2026' for campus 'Lipa'
[07-May-2025 07:03:50 UTC] FETCH SUMMARY: Found 2 years for logged-in campus: Lipa
[07-May-2025 07:03:50 UTC] YEAR[0]: 2028 for campus: Lipa
[07-May-2025 07:03:50 UTC] YEAR[1]: 2026 for campus: Lipa
[07-May-2025 07:03:50 UTC] FINAL RESPONSE: {"success":true,"years":[2028,2026],"campus":"Lipa","username":"Lipa","message":"Years retrieved successfully","debug_time":"2025-05-07 07:03:50","record_count":8}
[07-May-2025 07:04:14 UTC] SESSION in get_activities.php: Array
(
    [username] => Lipa
    [user_id] => 1
    [campus] => Lipa
)

[07-May-2025 07:04:14 UTC] GET in get_activities.php: Array
(
    [year] => 2028
    [quarter] => Q2
    [campus] => Lipa
)

[07-May-2025 07:04:14 UTC] Fetching activities: Year=2028, Quarter=Q2, Campus=Lipa
[07-May-2025 07:04:14 UTC] Using modified SQL Query to show ALL activities: SELECT DISTINCT p.id, p.activity 
              FROM ppas_forms p
              WHERE p.year = ? AND p.quarter = ? AND p.campus = ? 
              ORDER BY p.activity with params: [2028, Q2, Lipa]
[07-May-2025 07:04:14 UTC] Found 2 existing GAD proposals
[07-May-2025 07:04:14 UTC] Found 0 total activities for Lipa, year 2028, quarter Q2
[07-May-2025 07:25:01 UTC] ************************ GET_YEARS.PHP CALLED ************************
[07-May-2025 07:25:01 UTC] SESSION in get_years.php: Array
(
    [username] => Lipa
    [user_id] => 1
    [campus] => Lipa
)

[07-May-2025 07:25:01 UTC] GET in get_years.php: Array
(
    [nocache] => 1746602701368
    [request] => 9v4d9oo0mlm
)

[07-May-2025 07:25:01 UTC] COOKIE in get_years.php: Array
(
    [PHPSESSID] => jm0iqavmmsvv4is50o4dd3nsll
)

[07-May-2025 07:25:01 UTC] ####### CRITICAL CHECK: SESSION USERNAME = 'Lipa', USING CAMPUS = 'Lipa' #######
[07-May-2025 07:25:01 UTC] Fetching years ONLY for logged in campus: Lipa (ignoring any overrides)
[07-May-2025 07:25:01 UTC] FULL DATABASE CHECK - All campuses in ppas_forms table:
[07-May-2025 07:25:01 UTC] CAMPUS COUNTS IN DATABASE:
[07-May-2025 07:25:01 UTC] ===> CAMPUS: 'Alangilan' has 1 records
[07-May-2025 07:25:01 UTC] ===> CAMPUS: 'Central' has 2 records
[07-May-2025 07:25:01 UTC] ===> CAMPUS: 'Lipa' has 8 records
[07-May-2025 07:25:01 UTC] ===> CAMPUS: 'Lobo' has 1 records
[07-May-2025 07:25:01 UTC] DETAILED COUNT: Found 8 records for campus 'Lipa' in ppas_forms table
[07-May-2025 07:25:01 UTC] SAMPLE RECORDS FOR CAMPUS 'Lipa':
[07-May-2025 07:25:01 UTC] RECORD: ID=1, CAMPUS='Lipa', YEAR=2026, QUARTER=Q1, ACTIVITY='Test Activity'
[07-May-2025 07:25:01 UTC] RECORD: ID=3, CAMPUS='Lipa', YEAR=2026, QUARTER=Q1, ACTIVITY='Activity A'
[07-May-2025 07:25:01 UTC] RECORD: ID=4, CAMPUS='Lipa', YEAR=2028, QUARTER=Q1, ACTIVITY='Activity B'
[07-May-2025 07:25:01 UTC] RECORD: ID=5, CAMPUS='Lipa', YEAR=2028, QUARTER=Q3, ACTIVITY='Activity C'
[07-May-2025 07:25:01 UTC] RECORD: ID=6, CAMPUS='Lipa', YEAR=2028, QUARTER=Q1, ACTIVITY='Activity D'
[07-May-2025 07:25:01 UTC] SQL Query: SELECT DISTINCT year FROM ppas_forms WHERE campus = ? ORDER BY year DESC with strict campus parameter: [Lipa]
[07-May-2025 07:25:01 UTC] RAW DB FETCH: Found year '2028' for campus 'Lipa'
[07-May-2025 07:25:01 UTC] RAW DB FETCH: Found year '2026' for campus 'Lipa'
[07-May-2025 07:25:01 UTC] FETCH SUMMARY: Found 2 years for logged-in campus: Lipa
[07-May-2025 07:25:01 UTC] YEAR[0]: 2028 for campus: Lipa
[07-May-2025 07:25:01 UTC] YEAR[1]: 2026 for campus: Lipa
[07-May-2025 07:25:01 UTC] FINAL RESPONSE: {"success":true,"years":[2028,2026],"campus":"Lipa","username":"Lipa","message":"Years retrieved successfully","debug_time":"2025-05-07 07:25:01","record_count":8}
[07-May-2025 07:34:01 UTC] ************************ GET_YEARS.PHP CALLED ************************
[07-May-2025 07:34:01 UTC] SESSION in get_years.php: Array
(
    [username] => Lipa
    [user_id] => 1
    [campus] => Lipa
)

[07-May-2025 07:34:01 UTC] GET in get_years.php: Array
(
    [nocache] => 1746603241721
    [request] => 7p5cbcyrvwu
)

[07-May-2025 07:34:01 UTC] COOKIE in get_years.php: Array
(
    [PHPSESSID] => jm0iqavmmsvv4is50o4dd3nsll
)

[07-May-2025 07:34:01 UTC] ####### CRITICAL CHECK: SESSION USERNAME = 'Lipa', USING CAMPUS = 'Lipa' #######
[07-May-2025 07:34:01 UTC] Fetching years ONLY for logged in campus: Lipa (ignoring any overrides)
[07-May-2025 07:34:01 UTC] FULL DATABASE CHECK - All campuses in ppas_forms table:
[07-May-2025 07:34:01 UTC] CAMPUS COUNTS IN DATABASE:
[07-May-2025 07:34:01 UTC] ===> CAMPUS: 'Alangilan' has 1 records
[07-May-2025 07:34:01 UTC] ===> CAMPUS: 'Central' has 2 records
[07-May-2025 07:34:01 UTC] ===> CAMPUS: 'Lipa' has 8 records
[07-May-2025 07:34:01 UTC] ===> CAMPUS: 'Lobo' has 1 records
[07-May-2025 07:34:01 UTC] DETAILED COUNT: Found 8 records for campus 'Lipa' in ppas_forms table
[07-May-2025 07:34:01 UTC] SAMPLE RECORDS FOR CAMPUS 'Lipa':
[07-May-2025 07:34:01 UTC] RECORD: ID=1, CAMPUS='Lipa', YEAR=2026, QUARTER=Q1, ACTIVITY='Test Activity'
[07-May-2025 07:34:01 UTC] RECORD: ID=3, CAMPUS='Lipa', YEAR=2026, QUARTER=Q1, ACTIVITY='Activity A'
[07-May-2025 07:34:01 UTC] RECORD: ID=4, CAMPUS='Lipa', YEAR=2028, QUARTER=Q1, ACTIVITY='Activity B'
[07-May-2025 07:34:01 UTC] RECORD: ID=5, CAMPUS='Lipa', YEAR=2028, QUARTER=Q3, ACTIVITY='Activity C'
[07-May-2025 07:34:01 UTC] RECORD: ID=6, CAMPUS='Lipa', YEAR=2028, QUARTER=Q1, ACTIVITY='Activity D'
[07-May-2025 07:34:01 UTC] SQL Query: SELECT DISTINCT year FROM ppas_forms WHERE campus = ? ORDER BY year DESC with strict campus parameter: [Lipa]
[07-May-2025 07:34:01 UTC] RAW DB FETCH: Found year '2028' for campus 'Lipa'
[07-May-2025 07:34:01 UTC] RAW DB FETCH: Found year '2026' for campus 'Lipa'
[07-May-2025 07:34:01 UTC] FETCH SUMMARY: Found 2 years for logged-in campus: Lipa
[07-May-2025 07:34:01 UTC] YEAR[0]: 2028 for campus: Lipa
[07-May-2025 07:34:01 UTC] YEAR[1]: 2026 for campus: Lipa
[07-May-2025 07:34:01 UTC] FINAL RESPONSE: {"success":true,"years":[2028,2026],"campus":"Lipa","username":"Lipa","message":"Years retrieved successfully","debug_time":"2025-05-07 07:34:01","record_count":8}
[08-May-2025 06:02:11 UTC] ************************ GET_YEARS.PHP CALLED ************************
[08-May-2025 06:02:11 UTC] SESSION in get_years.php: Array
(
    [username] => Lipa
    [user_id] => 1
    [campus] => Lipa
)

[08-May-2025 06:02:11 UTC] GET in get_years.php: Array
(
    [nocache] => 1746684131730
    [request] => fpwekctpl0f
)

[08-May-2025 06:02:11 UTC] COOKIE in get_years.php: Array
(
    [PHPSESSID] => idi05e603s6fpdtbgf0o7usjlb
)

[08-May-2025 06:02:11 UTC] ####### CRITICAL CHECK: SESSION USERNAME = 'Lipa', USING CAMPUS = 'Lipa' #######
[08-May-2025 06:02:11 UTC] Fetching years ONLY for logged in campus: Lipa (ignoring any overrides)
[08-May-2025 06:02:11 UTC] FULL DATABASE CHECK - All campuses in ppas_forms table:
[08-May-2025 06:02:11 UTC] CAMPUS COUNTS IN DATABASE:
[08-May-2025 06:02:11 UTC] ===> CAMPUS: 'Alangilan' has 1 records
[08-May-2025 06:02:11 UTC] ===> CAMPUS: 'Central' has 2 records
[08-May-2025 06:02:11 UTC] ===> CAMPUS: 'Lipa' has 8 records
[08-May-2025 06:02:11 UTC] ===> CAMPUS: 'Lobo' has 1 records
[08-May-2025 06:02:11 UTC] DETAILED COUNT: Found 8 records for campus 'Lipa' in ppas_forms table
[08-May-2025 06:02:11 UTC] SAMPLE RECORDS FOR CAMPUS 'Lipa':
[08-May-2025 06:02:11 UTC] RECORD: ID=1, CAMPUS='Lipa', YEAR=2026, QUARTER=Q1, ACTIVITY='Test Activity'
[08-May-2025 06:02:11 UTC] RECORD: ID=3, CAMPUS='Lipa', YEAR=2026, QUARTER=Q1, ACTIVITY='Activity A'
[08-May-2025 06:02:11 UTC] RECORD: ID=4, CAMPUS='Lipa', YEAR=2028, QUARTER=Q1, ACTIVITY='Activity B'
[08-May-2025 06:02:11 UTC] RECORD: ID=5, CAMPUS='Lipa', YEAR=2028, QUARTER=Q3, ACTIVITY='Activity C'
[08-May-2025 06:02:11 UTC] RECORD: ID=6, CAMPUS='Lipa', YEAR=2028, QUARTER=Q1, ACTIVITY='Activity D'
[08-May-2025 06:02:11 UTC] SQL Query: SELECT DISTINCT year FROM ppas_forms WHERE campus = ? ORDER BY year DESC with strict campus parameter: [Lipa]
[08-May-2025 06:02:11 UTC] RAW DB FETCH: Found year '2028' for campus 'Lipa'
[08-May-2025 06:02:11 UTC] RAW DB FETCH: Found year '2026' for campus 'Lipa'
[08-May-2025 06:02:11 UTC] FETCH SUMMARY: Found 2 years for logged-in campus: Lipa
[08-May-2025 06:02:11 UTC] YEAR[0]: 2028 for campus: Lipa
[08-May-2025 06:02:11 UTC] YEAR[1]: 2026 for campus: Lipa
[08-May-2025 06:02:11 UTC] FINAL RESPONSE: {"success":true,"years":[2028,2026],"campus":"Lipa","username":"Lipa","message":"Years retrieved successfully","debug_time":"2025-05-08 06:02:11","record_count":8}
[12-May-2025 03:39:05 UTC] ************************ GET_YEARS.PHP CALLED ************************
[12-May-2025 03:39:05 UTC] SESSION in get_years.php: Array
(
    [username] => Lipa
    [user_id] => 1
    [campus] => Lipa
)

[12-May-2025 03:39:05 UTC] GET in get_years.php: Array
(
    [nocache] => 1747021145596
    [request] => e35buj7nuuw
)

[12-May-2025 03:39:05 UTC] COOKIE in get_years.php: Array
(
    [PHPSESSID] => ldmkjr80vp7i4mecv61s1q9n5p
)

[12-May-2025 03:39:05 UTC] ####### CRITICAL CHECK: SESSION USERNAME = 'Lipa', USING CAMPUS = 'Lipa' #######
[12-May-2025 03:39:05 UTC] Fetching years ONLY for logged in campus: Lipa (ignoring any overrides)
[12-May-2025 03:39:05 UTC] FULL DATABASE CHECK - All campuses in ppas_forms table:
[12-May-2025 03:39:05 UTC] CAMPUS COUNTS IN DATABASE:
[12-May-2025 03:39:05 UTC] ===> CAMPUS: 'Alangilan' has 1 records
[12-May-2025 03:39:05 UTC] ===> CAMPUS: 'Central' has 2 records
[12-May-2025 03:39:05 UTC] ===> CAMPUS: 'Lipa' has 8 records
[12-May-2025 03:39:05 UTC] ===> CAMPUS: 'Lobo' has 1 records
[12-May-2025 03:39:05 UTC] DETAILED COUNT: Found 8 records for campus 'Lipa' in ppas_forms table
[12-May-2025 03:39:05 UTC] SAMPLE RECORDS FOR CAMPUS 'Lipa':
[12-May-2025 03:39:05 UTC] RECORD: ID=1, CAMPUS='Lipa', YEAR=2026, QUARTER=Q1, ACTIVITY='Test Activity'
[12-May-2025 03:39:05 UTC] RECORD: ID=3, CAMPUS='Lipa', YEAR=2026, QUARTER=Q1, ACTIVITY='Activity A'
[12-May-2025 03:39:05 UTC] RECORD: ID=4, CAMPUS='Lipa', YEAR=2028, QUARTER=Q1, ACTIVITY='Activity B'
[12-May-2025 03:39:05 UTC] RECORD: ID=5, CAMPUS='Lipa', YEAR=2028, QUARTER=Q3, ACTIVITY='Activity C'
[12-May-2025 03:39:05 UTC] RECORD: ID=6, CAMPUS='Lipa', YEAR=2028, QUARTER=Q1, ACTIVITY='Activity D'
[12-May-2025 03:39:05 UTC] SQL Query: SELECT DISTINCT year FROM ppas_forms WHERE campus = ? ORDER BY year DESC with strict campus parameter: [Lipa]
[12-May-2025 03:39:05 UTC] RAW DB FETCH: Found year '2028' for campus 'Lipa'
[12-May-2025 03:39:05 UTC] RAW DB FETCH: Found year '2026' for campus 'Lipa'
[12-May-2025 03:39:05 UTC] FETCH SUMMARY: Found 2 years for logged-in campus: Lipa
[12-May-2025 03:39:05 UTC] YEAR[0]: 2028 for campus: Lipa
[12-May-2025 03:39:05 UTC] YEAR[1]: 2026 for campus: Lipa
[12-May-2025 03:39:05 UTC] FINAL RESPONSE: {"success":true,"years":[2028,2026],"campus":"Lipa","username":"Lipa","message":"Years retrieved successfully","debug_time":"2025-05-12 03:39:05","record_count":8}
