[22-Apr-2025 07:37:20 UTC] Request parameters: campus=Lipa, year=2028, proposal_id=30, format=
[22-Apr-2025 07:40:53 UTC] Request parameters: campus=Lipa, year=2028, proposal_id=30, format=
[22-Apr-2025 07:47:28 UTC] Request parameters: campus=Lipa, year=2028, proposal_id=30, format=
[23-Apr-2025 00:49:18 UTC] Request parameters: campus=Lipa, year=2028, proposal_id=30, format=
[24-Apr-2025 02:37:23 UTC] Request parameters: campus=Lipa, year=2028, proposal_id=30, format=
[24-Apr-2025 03:10:23 UTC] Request parameters: campus=Lipa, year=2028, proposal_id=30, format=
[24-Apr-2025 04:45:39 UTC] Request parameters: campus=Lipa, year=2028, proposal_id=30, format=
[24-Apr-2025 04:48:11 UTC] Request parameters: campus=Lipa, year=2028, proposal_id=30, format=
[24-Apr-2025 04:55:12 UTC] Request parameters: campus=Lipa, year=2028, proposal_id=30, format=
[24-Apr-2025 04:59:09 UTC] Request parameters: campus=Lipa, year=2028, proposal_id=30, format=
[24-Apr-2025 05:04:37 UTC] Request parameters: campus=Lipa, year=2028, proposal_id=30, format=
[24-Apr-2025 05:07:34 UTC] Request parameters: campus=Lipa, year=2028, proposal_id=30, format=
[24-Apr-2025 08:07:04 UTC] Request parameters: campus=Lipa, year=2028, proposal_id=30, format=
[24-Apr-2025 08:12:54 UTC] Request parameters: campus=Lipa, year=2028, proposal_id=30, format=
[25-Apr-2025 00:21:47 UTC] Request parameters: campus=Lipa, year=2028, proposal_id=30, format=
[25-Apr-2025 00:26:11 UTC] Request parameters: campus=Lipa, year=2028, proposal_id=30, format=
[25-Apr-2025 00:38:21 UTC] Request parameters: campus=Lipa, year=2028, proposal_id=30, format=
[25-Apr-2025 00:40:35 UTC] Request parameters: campus=Lipa, year=2028, proposal_id=30, format=
[25-Apr-2025 00:42:19 UTC] Request parameters: campus=Lipa, year=2028, proposal_id=30, format=
[25-Apr-2025 00:53:00 UTC] Request parameters: campus=Lipa, year=2028, proposal_id=30, format=
[25-Apr-2025 00:59:23 UTC] Request parameters: campus=Lipa, year=2028, proposal_id=30, format=
[25-Apr-2025 01:06:30 UTC] Request parameters: campus=Lipa, year=2028, proposal_id=30, format=
[25-Apr-2025 01:13:31 UTC] Request parameters: campus=Lipa, year=2028, proposal_id=30, format=
[25-Apr-2025 01:17:12 UTC] Request parameters: campus=Lipa, year=2028, proposal_id=30, format=
[25-Apr-2025 01:21:17 UTC] Request parameters: campus=Lipa, year=2028, proposal_id=30, format=
[25-Apr-2025 01:25:48 UTC] Request parameters: campus=Lipa, year=2028, proposal_id=30, format=
[25-Apr-2025 01:35:49 UTC] Request parameters: campus=Lipa, year=2028, proposal_id=30, format=
[25-Apr-2025 01:59:03 UTC] Request parameters: campus=Lipa, year=2028, proposal_id=30, format=
[25-Apr-2025 02:01:55 UTC] Request parameters: campus=Lipa, year=2028, proposal_id=30, format=
[25-Apr-2025 02:08:52 UTC] Request parameters: campus=Lipa, year=2028, proposal_id=30, format=
[25-Apr-2025 02:10:08 UTC] Request parameters: campus=Lipa, year=2028, proposal_id=30, format=
[25-Apr-2025 02:12:32 UTC] Request parameters: campus=Lipa, year=2028, proposal_id=30, format=
[25-Apr-2025 02:14:35 UTC] Request parameters: campus=Lipa, year=2028, proposal_id=30, format=
[25-Apr-2025 02:15:42 UTC] Request parameters: campus=Lipa, year=2028, proposal_id=30, format=
[25-Apr-2025 02:16:08 UTC] Request parameters: campus=Lipa, year=2028, proposal_id=30, format=
[25-Apr-2025 02:17:18 UTC] Request parameters: campus=Lipa, year=2028, proposal_id=30, format=
[25-Apr-2025 02:21:18 UTC] Request parameters: campus=Lipa, year=2028, proposal_id=30, format=
[25-Apr-2025 07:33:52 UTC] Request parameters: campus=Lipa, year=2028, proposal_id=30, format=
[28-Apr-2025 02:34:36 UTC] Request parameters: campus=Lipa, year=2028, proposal_id=30, format=
[28-Apr-2025 03:00:34 UTC] Request parameters: campus=Lipa, year=2028, proposal_id=30, format=
[28-Apr-2025 06:35:44 UTC] Request parameters: campus=Lipa, year=2028, proposal_id=30, format=
[28-Apr-2025 08:24:59 UTC] Request parameters: campus=Lipa, year=2028, proposal_id=30, format=
[29-Apr-2025 01:30:26 UTC] Request parameters: campus=Lipa, year=2028, proposal_id=30, format=
[29-Apr-2025 02:48:58 UTC] Request parameters: campus=Lipa, year=2028, proposal_id=30, format=
[29-Apr-2025 02:53:28 UTC] Request parameters: campus=Lipa, year=2028, proposal_id=30, format=
[29-Apr-2025 02:54:00 UTC] Request parameters: campus=Lipa, year=2028, proposal_id=30, format=
[29-Apr-2025 05:33:16 UTC] Request parameters: campus=Lipa, year=2028, proposal_id=30, format=
[30-Apr-2025 03:21:46 UTC] Request parameters: campus=Lipa, year=2025, proposal_id=54, format=
[05-May-2025 02:00:36 UTC] Request parameters: campus=Lipa, year=2028, proposal_id=30, format=
[05-May-2025 03:29:49 UTC] Request parameters: campus=Lipa, year=2028, proposal_id=30, format=
[05-May-2025 07:52:10 UTC] Request parameters: campus=Lipa, year=2028, proposal_id=30, format=
[05-May-2025 07:52:19 UTC] Request parameters: campus=Lipa, year=2028, proposal_id=30, format=
[05-May-2025 07:57:24 UTC] Request parameters: campus=Lipa, year=2028, proposal_id=30, format=
[05-May-2025 07:57:32 UTC] Request parameters: campus=Lipa, year=2028, proposal_id=30, format=
[05-May-2025 07:58:43 UTC] Request parameters: campus=Lipa, year=2028, proposal_id=30, format=
[05-May-2025 07:58:50 UTC] Request parameters: campus=Lipa, year=2028, proposal_id=30, format=
[05-May-2025 08:00:03 UTC] Request parameters: campus=Lipa, year=2028, proposal_id=30, format=
[05-May-2025 08:00:10 UTC] Request parameters: campus=Lipa, year=2028, proposal_id=30, format=
[05-May-2025 08:06:31 UTC] Request parameters: campus=Central, year=2028, proposal_id=31, format=
[05-May-2025 08:06:45 UTC] Request parameters: campus=Central, year=2028, proposal_id=31, format=
[05-May-2025 23:55:43 UTC] Request parameters: campus=Lipa, year=2028, proposal_id=30, format=
[06-May-2025 01:13:51 UTC] Request parameters: campus=Lipa, year=2028, proposal_id=30, format=
[06-May-2025 01:13:52 UTC] Request parameters: campus=Lipa, year=2028, proposal_id=30, format=
[06-May-2025 01:15:39 UTC] Request parameters: campus=Lipa, year=2028, proposal_id=30, format=
[06-May-2025 01:21:20 UTC] Request parameters: campus=Lipa, year=2028, proposal_id=30, format=
[06-May-2025 01:21:22 UTC] Request parameters: campus=Lipa, year=2028, proposal_id=30, format=
[06-May-2025 01:21:28 UTC] Request parameters: campus=Lipa, year=2028, proposal_id=30, format=
[06-May-2025 01:42:08 UTC] Request parameters: campus=Lipa, year=2028, proposal_id=30, format=
[06-May-2025 01:42:24 UTC] Request parameters: campus=Lipa, year=2028, proposal_id=30, format=
[06-May-2025 01:44:03 UTC] Request parameters: campus=Lipa, year=2028, proposal_id=30, format=
[06-May-2025 05:30:02 UTC] Request parameters: campus=Lipa, year=2028, proposal_id=30, format=
[06-May-2025 06:21:17 UTC] Request parameters: campus=Lipa, year=2028, proposal_id=30, format=
[07-May-2025 03:38:11 UTC] Request parameters: campus=Lipa, year=2028, proposal_id=30, format=
[07-May-2025 07:02:21 UTC] Request parameters: campus=Lipa, year=2026, proposal_id=30, format=
[08-May-2025 00:21:47 UTC] Request parameters: campus=Lipa, year=2026, proposal_id=30, format=
[08-May-2025 00:24:15 UTC] Request parameters: campus=Lipa, year=2026, proposal_id=30, format=
[08-May-2025 00:47:09 UTC] Request parameters: campus=Lipa, year=2026, proposal_id=30, format=
[08-May-2025 00:54:54 UTC] Request parameters: campus=Lipa, year=2026, proposal_id=30, format=
[08-May-2025 01:17:09 UTC] Request parameters: campus=Lipa, year=2026, proposal_id=30, format=
[08-May-2025 01:17:19 UTC] Request parameters: campus=Lipa, year=2026, proposal_id=30, format=
[08-May-2025 01:17:57 UTC] Request parameters: campus=Lipa, year=2026, proposal_id=30, format=
[08-May-2025 01:45:33 UTC] Request parameters: campus=Lipa, year=2026, proposal_id=30, format=
[08-May-2025 02:04:39 UTC] Request parameters: campus=Lipa, year=2026, proposal_id=30, format=
[08-May-2025 02:25:30 UTC] Request parameters: campus=Lipa, year=2026, proposal_id=30, format=
[08-May-2025 02:41:41 UTC] Request parameters: campus=Lipa, year=2026, proposal_id=30, format=
[08-May-2025 03:16:24 UTC] Request parameters: campus=Lipa, year=2026, proposal_id=30, format=
[08-May-2025 03:16:28 UTC] Request parameters: campus=, year=, proposal_id=, format=
[08-May-2025 03:16:28 UTC] Missing required parameters: campus=, year=, proposal_id=
[08-May-2025 03:16:38 UTC] Request parameters: campus=Lipa, year=2026, proposal_id=30, format=
[08-May-2025 03:17:44 UTC] Request parameters: campus=Lipa, year=2026, proposal_id=30, format=
[08-May-2025 03:21:47 UTC] Request parameters: campus=Lipa, year=2026, proposal_id=30, format=
[08-May-2025 03:21:54 UTC] Request parameters: campus=, year=, proposal_id=, format=
[08-May-2025 03:21:54 UTC] Missing required parameters: campus=, year=, proposal_id=
[08-May-2025 03:22:02 UTC] Request parameters: campus=Lipa, year=2026, proposal_id=30, format=
[08-May-2025 03:26:43 UTC] Request parameters: campus=Lipa, year=2026, proposal_id=30, format=
[08-May-2025 03:30:38 UTC] Request parameters: campus=Lipa, year=2026, proposal_id=30, format=
[08-May-2025 03:31:16 UTC] Request parameters: campus=, year=, proposal_id=, format=
[08-May-2025 03:31:16 UTC] Missing required parameters: campus=, year=, proposal_id=
[08-May-2025 03:31:33 UTC] Request parameters: campus=Lipa, year=2026, proposal_id=30, format=
[08-May-2025 03:32:07 UTC] Request parameters: campus=, year=, proposal_id=, format=
[08-May-2025 03:32:07 UTC] Missing required parameters: campus=, year=, proposal_id=
[08-May-2025 03:32:36 UTC] Request parameters: campus=Lipa, year=2026, proposal_id=30, format=
[08-May-2025 03:33:42 UTC] Request parameters: campus=Lipa, year=2026, proposal_id=30, format=
[08-May-2025 03:33:57 UTC] Request parameters: campus=Lipa, year=2026, proposal_id=30, format=
[08-May-2025 03:35:51 UTC] Request parameters: campus=, year=, proposal_id=, format=
[08-May-2025 03:35:51 UTC] Missing required parameters: campus=, year=, proposal_id=
[08-May-2025 03:39:02 UTC] Request parameters: campus=Lipa, year=2026, proposal_id=30, format=
[08-May-2025 03:39:17 UTC] Request parameters: campus=, year=, proposal_id=, format=
[08-May-2025 03:39:17 UTC] Missing required parameters: campus=, year=, proposal_id=
[08-May-2025 03:43:43 UTC] Request parameters: campus=Lipa, year=2026, proposal_id=30, format=
[08-May-2025 03:44:33 UTC] Request parameters: campus=Lipa, year=2026, proposal_id=30, format=
[08-May-2025 03:44:35 UTC] Request parameters: campus=, year=, proposal_id=, format=
[08-May-2025 03:44:35 UTC] Missing required parameters: campus=, year=, proposal_id=
[08-May-2025 03:44:56 UTC] Request parameters: campus=Lipa, year=2026, proposal_id=30, format=
[08-May-2025 03:45:28 UTC] Request parameters: campus=Lipa, year=2026, proposal_id=30, format=
[08-May-2025 03:46:37 UTC] Request parameters: campus=Lipa, year=2026, proposal_id=30, format=
[08-May-2025 03:51:23 UTC] Request parameters: campus=Lipa, year=2026, proposal_id=30, format=
[08-May-2025 03:55:52 UTC] Request parameters: campus=Lipa, year=2026, proposal_id=30, format=
