[2025-04-07 02:09:58] ---- NEW FORM SUBMISSION ----
[2025-04-07 02:09:58] User: Lipa
[2025-04-07 02:09:58] Database connection successful
[2025-04-07 02:09:58] Raw input: {"year":"2025","quarter":"Q1","activity_title":"18","project":"Test Project","program":"Test Program","venue":"Test Location","start_date":"2025-04-03","end_date":"2025-04-06","start_time":"08:53","end_time":"12:53","mode_of_delivery":"Online","project_leaders":"Test, Test","project_leader_responsibilities":["1"],"assistant_project_leaders":"Test, Test","assistant_project_leader_responsibilities":["1"],"project_staff":"Test, Test","project_staff_responsibilities":["1"],"partner_office":"1","type_of_participants":"Test Type","male_participants":"8","female_participants":"2","total_participants":"10","rationale":"1","objectives":"1","specific_objectives":["1"],"description":"1","strategies":["1"],"methods":[{"name":"1","details":["1"]}],"methods[0][details]":["1"],"materials":["1"],"workplan":[{"activity":"1","days":["1","0","0","0"]}],"source_of_fund":"MDS-GAD","total_budget":"1.00","budget_breakdown":"1","monitoring":[{"objectives":"1","performance_indicators":"1","baseline_data":"1","performance_target":"1","data_source":"1","collection_method":"1","frequency":"1","responsible":"1"}],"sustainability_plan":"1","specific_plans":["1"],"assistant_leader_responsibilities":["1"],"staff_responsibilities":["1"],"general_objectives":"1"}
[2025-04-07 02:09:58] JSON decoded successfully. Keys present: year, quarter, activity_title, project, program, venue, start_date, end_date, start_time, end_time, mode_of_delivery, project_leaders, project_leader_responsibilities, assistant_project_leaders, assistant_project_leader_responsibilities, project_staff, project_staff_responsibilities, partner_office, type_of_participants, male_participants, female_participants, total_participants, rationale, objectives, specific_objectives, description, strategies, methods, methods[0][details], materials, workplan, source_of_fund, total_budget, budget_breakdown, monitoring, sustainability_plan, specific_plans, assistant_leader_responsibilities, staff_responsibilities, general_objectives
[2025-04-07 02:09:58] All required fields present
[2025-04-07 02:09:58] Transaction started
[2025-04-07 02:09:58] Methods processed: 1
[2025-04-07 02:09:58] Date range: 2025-04-03 to 2025-04-06 (4 days)
[2025-04-07 02:09:58] Workplan processed: 1
[2025-04-07 02:09:58] Monitoring items processed: 1
[2025-04-07 02:09:58] Looking up ppas_form_id for activity: 18
[2025-04-07 02:09:58] Activity title not found in ppas_forms table: 18
[2025-04-07 02:09:58] Using numeric value as ppas_form_id: 18
[2025-04-07 02:09:58] Attempting to insert with ppas_form_id: 18
[2025-04-07 02:09:58] User campus: Lipa
[2025-04-07 02:09:58] All JSON fields encoded successfully
[2025-04-07 02:09:58] Parameters bound successfully
[2025-04-07 02:09:58] Statement executed successfully
[2025-04-07 02:09:58] Transaction committed successfully
[2025-04-07 02:09:58] ---- END OF FORM SUBMISSION ----

[2025-04-07 03:07:13] ---- NEW FORM SUBMISSION ----
[2025-04-07 03:07:13] User: Lipa
[2025-04-07 03:07:13] Database connection successful
[2025-04-07 03:07:13] Raw input: {"year":"2025","quarter":"Q1","activity_title":"18","project":"Test Project","program":"Test Program","venue":"Test Location","start_date":"2025-04-03","end_date":"2025-04-06","start_time":"08:53","end_time":"12:53","mode_of_delivery":"Online","project_leaders":"Test, Test","project_leader_responsibilities":["Test Project Leader Responsibilities #1","Test Project Leader Responsibilities #2"],"assistant_project_leaders":"Test, Test","assistant_project_leader_responsibilities":["Test Assistant Project Leader Responsibilities #1","Test Assistant Project Leader Responsibilities #2"],"project_staff":"Test, Test","project_staff_responsibilities":["Test Project Staff Responsibilities #1 ","Test Project Staff Responsibilities #2"],"partner_office":"Test Partner Office","type_of_participants":"Test Type","male_participants":"8","female_participants":"2","total_participants":"10","rationale":"Test Rationale","objectives":"Test General Objectives","specific_objectives":["Test Specific Objectives #1","Test Specific Objectives #2"],"description":"Test Description","strategies":["Test Strategies #1","Test Strategies #2"],"methods":[{"name":"Test Activity Name #1","details":["Test Activity Details #1","Test Activity Details #2"]},{"name":"Test Activity Name #2","details":["Test Activity Details #1"]}],"methods[0][details]":["Test Activity Details #1","Test Activity Details #2"],"methods[1][details]":["Test Activity Details #1"],"materials":["Test Materials #1","Test Materials #2"],"workplan":[{"activity":"Test Work Plan #1","days":["1","1","0","0"]},{"activity":"Test Work Plan #2","days":["0","0","1","1"]}],"source_of_fund":"MDS-GAD","total_budget":"1.00","budget_breakdown":"Test Budget Breakdown","monitoring":[{"objectives":"Test Objectives","performance_indicators":"Test Performance Indicators","baseline_data":"Test Baseline Data","performance_target":"Test Performance Target","data_source":"Test Data Source","collection_method":"Test Collection Method","frequency":"Test Frequency of Data Collection","responsible":"Test Office Persons Responsible"},{"objectives":"Test Objectives","performance_indicators":"Test Performance Indicators","baseline_data":"Test Objectives","performance_target":"Test Performance Target","data_source":"Test Data Source","collection_method":"Test Collection Method","frequency":"Test Frequency of Data Collection","responsible":"Test Office Persons Responsible"}],"sustainability_plan":"Test Sustainability Plan","specific_plans":["Test Specific Plans #1","Test Specific Plans #2"],"assistant_leader_responsibilities":["Test Assistant Project Leader Responsibilities #1","Test Assistant Project Leader Responsibilities #2"],"staff_responsibilities":["Test Project Staff Responsibilities #1","Test Project Staff Responsibilities #2"],"general_objectives":"Test General Objectives"}
[2025-04-07 03:07:13] JSON decoded successfully. Keys present: year, quarter, activity_title, project, program, venue, start_date, end_date, start_time, end_time, mode_of_delivery, project_leaders, project_leader_responsibilities, assistant_project_leaders, assistant_project_leader_responsibilities, project_staff, project_staff_responsibilities, partner_office, type_of_participants, male_participants, female_participants, total_participants, rationale, objectives, specific_objectives, description, strategies, methods, methods[0][details], methods[1][details], materials, workplan, source_of_fund, total_budget, budget_breakdown, monitoring, sustainability_plan, specific_plans, assistant_leader_responsibilities, staff_responsibilities, general_objectives
[2025-04-07 03:07:13] All required fields present
[2025-04-07 03:07:13] Transaction started
[2025-04-07 03:07:13] Methods processed: 2
[2025-04-07 03:07:13] Date range: 2025-04-03 to 2025-04-06 (4 days)
[2025-04-07 03:07:13] Date range: 2025-04-03 to 2025-04-06 (4 days)
[2025-04-07 03:07:13] Workplan processed: 2
[2025-04-07 03:07:13] Monitoring items processed: 2
[2025-04-07 03:07:13] Looking up ppas_form_id for activity: 18
[2025-04-07 03:07:13] Activity title not found in ppas_forms table: 18
[2025-04-07 03:07:13] Using numeric value as ppas_form_id: 18
[2025-04-07 03:07:13] Attempting to insert with ppas_form_id: 18
[2025-04-07 03:07:13] User campus: Lipa
[2025-04-07 03:07:13] All JSON fields encoded successfully
[2025-04-07 03:07:13] Parameters bound successfully
[2025-04-07 03:07:13] Statement executed successfully
[2025-04-07 03:07:13] Transaction committed successfully
[2025-04-07 03:07:13] ---- END OF FORM SUBMISSION ----

[2025-04-07 05:15:48] ---- NEW FORM SUBMISSION ----
[2025-04-07 05:15:48] User: Lipa
[2025-04-07 05:15:48] Database connection successful
[2025-04-07 05:15:48] Raw input: {"year":"2025","quarter":"Q2","activity_title":"19","project":"Test Project","program":"Test Program","venue":"Test Location","start_date":"2025-04-07","end_date":"2025-04-09","start_time":"11:30","end_time":"17:30","mode_of_delivery":"Online","project_leaders":"Test","project_leader_responsibilities":["Test Project Leader Responsibilities"],"assistant_project_leaders":"Test","assistant_project_leader_responsibilities":["Test Assistant Project Leader Responsibilities"],"project_staff":"Test","project_staff_responsibilities":["Test Project Staff Responsibilities"],"partner_office":"Test Partner Office/College/Department","type_of_participants":"Test","male_participants":"14","female_participants":"10","total_participants":"24","rationale":"Test Rationale/Background","objectives":"Test General Objectives","specific_objectives":["Test Specific Objectives #1","Test Specific Objectives #2"],"description":"Test Description","strategies":["Test Strategies"],"methods":[["Test Activity #1",["Test Activity Details #1","Test Activity Details #2"]],["Test Activity #2",["Test Activity Details #1"]]],"methods[0][details]":["Test Activity Details #1","Test Activity Details #2"],"methods[1][details]":["Test Activity Details #1"],"materials":["Material #1","Material #2"],"workplan":[["Workplan #1",["2025-04-07","2025-04-08"]],["Workplan #2",["2025-04-09"]]],"source_of_fund":"MDS-GAD","total_budget":"1.00","budget_breakdown":"Test Budget Breakdown","monitoring":[["Test Objectives #1","Test Performance Indicators #1","Test Baseline Data #1","Test Performance Target #1","Test Data Source #1","Test Collection Method #1","Test Frequency of Data Collection #1","Test Office/Persons Responsible #1"],["Test Objectives #2","Test Performance Indicators #2","Test Baseline Data #2","Test Performance Target #2","Test Data Source #2","Test Collection Method #2","Test Frequency of Data Collection #2","Test Office/Persons Responsible #2"]],"sustainability_plan":"Test Sustainability Plan","specific_plans":["Test Specific Plan #1","Test Specific Plan #2"],"assistant_leader_responsibilities":["Test Assistant Project Leader Responsibilities"],"staff_responsibilities":["Test Project Staff Responsibilities"],"general_objectives":"Test General Objectives"}
[2025-04-07 05:15:48] JSON decoded successfully. Keys present: year, quarter, activity_title, project, program, venue, start_date, end_date, start_time, end_time, mode_of_delivery, project_leaders, project_leader_responsibilities, assistant_project_leaders, assistant_project_leader_responsibilities, project_staff, project_staff_responsibilities, partner_office, type_of_participants, male_participants, female_participants, total_participants, rationale, objectives, specific_objectives, description, strategies, methods, methods[0][details], methods[1][details], materials, workplan, source_of_fund, total_budget, budget_breakdown, monitoring, sustainability_plan, specific_plans, assistant_leader_responsibilities, staff_responsibilities, general_objectives
[2025-04-07 05:15:48] All required fields present
[2025-04-07 05:15:48] Transaction started
[2025-04-07 05:15:48] Methods processed: 2
[2025-04-07 05:15:48] Workplan processed: 2
[2025-04-07 05:15:48] Monitoring items processed: 2
[2025-04-07 05:15:48] Looking up ppas_form_id for activity: 19
[2025-04-07 05:15:48] Activity title not found in ppas_forms table: 19
[2025-04-07 05:15:48] Using numeric value as ppas_form_id: 19
[2025-04-07 05:15:48] Attempting to insert with ppas_form_id: 19
[2025-04-07 05:15:48] User campus: Lipa
[2025-04-07 05:15:48] All JSON fields encoded successfully
[2025-04-07 05:15:48] Parameters bound successfully
[2025-04-07 05:15:48] Statement executed successfully
[2025-04-07 05:15:48] Transaction committed successfully
[2025-04-07 05:15:48] ---- END OF FORM SUBMISSION ----

[2025-04-07 05:17:44] ---- NEW FORM SUBMISSION ----
[2025-04-07 05:17:44] User: Lipa
[2025-04-07 05:17:44] Database connection successful
[2025-04-07 05:17:44] Raw input: {"year":"2025","quarter":"Q1","activity_title":"18","project":"Test Project","program":"Test Program","venue":"Test Location","start_date":"2025-04-03","end_date":"2025-04-06","start_time":"08:53","end_time":"12:53","mode_of_delivery":"Online","project_leaders":"Test, Test","project_leader_responsibilities":["1","2"],"assistant_project_leaders":"Test, Test","assistant_project_leader_responsibilities":["1","2"],"project_staff":"Test, Test","project_staff_responsibilities":["1","2"],"partner_office":"1","type_of_participants":"Test Type","male_participants":"8","female_participants":"2","total_participants":"10","rationale":"1","objectives":"1","specific_objectives":["1","2"],"description":"1","strategies":["1","2"],"methods":[["1",["1","2"]],["1",["1"]]],"methods[0][details]":["1","2"],"methods[1][details]":["1"],"materials":["1","2"],"workplan":[["1",["2025-04-03"]],["2",["2025-04-04","2025-04-05","2025-04-06"]]],"source_of_fund":"MDS-GAD","total_budget":"1.00","budget_breakdown":"1","monitoring":[["1","1","1","1","1","1","1","1"],["2","2","2","2","2","2","2","2"]],"sustainability_plan":"1","specific_plans":["1","1"],"assistant_leader_responsibilities":["1","2"],"staff_responsibilities":["1","2"],"general_objectives":"1"}
[2025-04-07 05:17:44] JSON decoded successfully. Keys present: year, quarter, activity_title, project, program, venue, start_date, end_date, start_time, end_time, mode_of_delivery, project_leaders, project_leader_responsibilities, assistant_project_leaders, assistant_project_leader_responsibilities, project_staff, project_staff_responsibilities, partner_office, type_of_participants, male_participants, female_participants, total_participants, rationale, objectives, specific_objectives, description, strategies, methods, methods[0][details], methods[1][details], materials, workplan, source_of_fund, total_budget, budget_breakdown, monitoring, sustainability_plan, specific_plans, assistant_leader_responsibilities, staff_responsibilities, general_objectives
[2025-04-07 05:17:44] All required fields present
[2025-04-07 05:17:44] Transaction started
[2025-04-07 05:17:44] Methods processed: 2
[2025-04-07 05:17:44] Workplan processed: 2
[2025-04-07 05:17:44] Monitoring items processed: 2
[2025-04-07 05:17:44] Looking up ppas_form_id for activity: 18
[2025-04-07 05:17:44] Activity title not found in ppas_forms table: 18
[2025-04-07 05:17:44] Using numeric value as ppas_form_id: 18
[2025-04-07 05:17:44] Attempting to insert with ppas_form_id: 18
[2025-04-07 05:17:44] User campus: Lipa
[2025-04-07 05:17:44] All JSON fields encoded successfully
[2025-04-07 05:17:44] Parameters bound successfully
[2025-04-07 05:17:44] Statement executed successfully
[2025-04-07 05:17:44] Transaction committed successfully
[2025-04-07 05:17:44] ---- END OF FORM SUBMISSION ----

[2025-04-07 05:22:59] ---- NEW FORM SUBMISSION ----
[2025-04-07 05:22:59] User: Lipa
[2025-04-07 05:22:59] Database connection successful
[2025-04-07 05:22:59] Raw input: {"year":"2025","quarter":"Q1","activity_title":"18","project":"Test Project","program":"Test Program","venue":"Test Location","start_date":"2025-04-03","end_date":"2025-04-06","start_time":"08:53","end_time":"12:53","mode_of_delivery":"Online","project_leaders":"Test, Test","project_leader_responsibilities":["1","2"],"assistant_project_leaders":"Test, Test","assistant_project_leader_responsibilities":["1","2"],"project_staff":"Test, Test","project_staff_responsibilities":["1","2"],"partner_office":"1","type_of_participants":"Test Type","male_participants":"8","female_participants":"2","total_participants":"10","rationale":"1","objectives":"1","specific_objectives":["1","2"],"description":"1","strategies":["1","2"],"methods":[["1",["1","2"]],["1",["1"]]],"methods[0][details]":["1","2"],"methods[1][details]":["1"],"materials":["1","2"],"workplan":[["1",["2025-04-03"]],["2",["2025-04-04","2025-04-05","2025-04-06"]]],"source_of_fund":"MDS-GAD","total_budget":"1.00","budget_breakdown":"1","monitoring":[["1O1","1P1","1B","1P2","1D","1C","1F","1O2"],["2O1","2P1","2B","2P2","2D","2C","2F","2O2"]],"sustainability_plan":"1","specific_plans":["1","2"],"assistant_leader_responsibilities":["1","2"],"staff_responsibilities":["1","2"],"general_objectives":"1"}
[2025-04-07 05:22:59] JSON decoded successfully. Keys present: year, quarter, activity_title, project, program, venue, start_date, end_date, start_time, end_time, mode_of_delivery, project_leaders, project_leader_responsibilities, assistant_project_leaders, assistant_project_leader_responsibilities, project_staff, project_staff_responsibilities, partner_office, type_of_participants, male_participants, female_participants, total_participants, rationale, objectives, specific_objectives, description, strategies, methods, methods[0][details], methods[1][details], materials, workplan, source_of_fund, total_budget, budget_breakdown, monitoring, sustainability_plan, specific_plans, assistant_leader_responsibilities, staff_responsibilities, general_objectives
[2025-04-07 05:22:59] All required fields present
[2025-04-07 05:22:59] Transaction started
[2025-04-07 05:22:59] Methods processed: 2
[2025-04-07 05:22:59] Workplan processed: 2
[2025-04-07 05:22:59] Monitoring items processed: 2
[2025-04-07 05:22:59] Looking up ppas_form_id for activity: 18
[2025-04-07 05:22:59] Activity title not found in ppas_forms table: 18
[2025-04-07 05:22:59] Using numeric value as ppas_form_id: 18
[2025-04-07 05:22:59] Attempting to insert with ppas_form_id: 18
[2025-04-07 05:22:59] User campus: Lipa
[2025-04-07 05:22:59] All JSON fields encoded successfully
[2025-04-07 05:22:59] Parameters bound successfully
[2025-04-07 05:22:59] Statement executed successfully
[2025-04-07 05:22:59] Transaction committed successfully
[2025-04-07 05:22:59] ---- END OF FORM SUBMISSION ----

[2025-04-07 05:28:12] ---- NEW FORM SUBMISSION ----
[2025-04-07 05:28:12] User: Lipa
[2025-04-07 05:28:12] Database connection successful
[2025-04-07 05:28:12] Raw input: {"year":"2025","quarter":"Q1","activity_title":"18","project":"Test Project","program":"Test Program","venue":"Test Location","start_date":"2025-04-03","end_date":"2025-04-06","start_time":"08:53","end_time":"12:53","mode_of_delivery":"Online","project_leaders":"Test, Test","project_leader_responsibilities":["1","2"],"assistant_project_leaders":"Test, Test","assistant_project_leader_responsibilities":["1","2"],"project_staff":"Test, Test","project_staff_responsibilities":["1","2"],"partner_office":"1","type_of_participants":"Test Type","male_participants":"8","female_participants":"2","total_participants":"10","rationale":"1","objectives":"1","specific_objectives":["1","2"],"description":"1","strategies":["1","2"],"methods":[["1",["1","2"]],["1",["1"]]],"methods[0][details]":["1","2"],"methods[1][details]":["1"],"materials":["1","2"],"workplan":[["1",["2025-04-03"]],["2",["2025-04-04","2025-04-05","2025-04-06"]]],"source_of_fund":"MDS-GAD","total_budget":"1.00","budget_breakdown":"1","monitoring":[["1","2","3","4","5","6","7","8"]],"sustainability_plan":"1","specific_plans":["1","2"],"assistant_leader_responsibilities":["1","2"],"staff_responsibilities":["1","2"],"general_objectives":"1"}
[2025-04-07 05:28:12] JSON decoded successfully. Keys present: year, quarter, activity_title, project, program, venue, start_date, end_date, start_time, end_time, mode_of_delivery, project_leaders, project_leader_responsibilities, assistant_project_leaders, assistant_project_leader_responsibilities, project_staff, project_staff_responsibilities, partner_office, type_of_participants, male_participants, female_participants, total_participants, rationale, objectives, specific_objectives, description, strategies, methods, methods[0][details], methods[1][details], materials, workplan, source_of_fund, total_budget, budget_breakdown, monitoring, sustainability_plan, specific_plans, assistant_leader_responsibilities, staff_responsibilities, general_objectives
[2025-04-07 05:28:12] All required fields present
[2025-04-07 05:28:12] Transaction started
[2025-04-07 05:28:12] Methods processed: 0
[2025-04-07 05:28:12] Workplan processed: 0
[2025-04-07 05:28:12] Monitoring items processed: 0
[2025-04-07 05:28:12] Looking up ppas_form_id for activity: 18
[2025-04-07 05:28:12] Activity title not found in ppas_forms table: 18
[2025-04-07 05:28:12] Using numeric value as ppas_form_id: 18
[2025-04-07 05:28:12] Attempting to insert with ppas_form_id: 18
[2025-04-07 05:28:12] User campus: Lipa
[2025-04-07 05:28:12] All JSON fields encoded successfully
[2025-04-07 05:28:12] Parameters bound successfully
[2025-04-07 05:28:12] Statement executed successfully
[2025-04-07 05:28:12] Transaction committed successfully
[2025-04-07 05:28:12] ---- END OF FORM SUBMISSION ----

[2025-04-07 05:29:49] ---- NEW FORM SUBMISSION ----
[2025-04-07 05:29:49] User: Lipa
[2025-04-07 05:29:49] Database connection successful
[2025-04-07 05:29:49] Raw input: {"year":"2025","quarter":"Q1","activity_title":"18","project":"Test Project","program":"Test Program","venue":"Test Location","start_date":"2025-04-03","end_date":"2025-04-06","start_time":"08:53","end_time":"12:53","mode_of_delivery":"Online","project_leaders":"Test, Test","project_leader_responsibilities":["1","2"],"assistant_project_leaders":"Test, Test","assistant_project_leader_responsibilities":["1","2"],"project_staff":"Test, Test","project_staff_responsibilities":["1","2"],"partner_office":"1","type_of_participants":"Test Type","male_participants":"8","female_participants":"2","total_participants":"10","rationale":"1","objectives":"1","specific_objectives":["1","2"],"description":"1","strategies":["1","2"],"methods":[["1",["1","2"]]],"methods[0][details]":["1","2"],"materials":["1","2"],"workplan":[["1",["2025-04-03"]],["2",["2025-04-04","2025-04-05","2025-04-06"]]],"source_of_fund":"MDS-GAD","total_budget":"1.00","budget_breakdown":"1","monitoring":[["1","2","3","4","5","6","7","8"]],"sustainability_plan":"1","specific_plans":["1"],"assistant_leader_responsibilities":["1","2"],"staff_responsibilities":["1","2"],"general_objectives":"1"}
[2025-04-07 05:29:49] JSON decoded successfully. Keys present: year, quarter, activity_title, project, program, venue, start_date, end_date, start_time, end_time, mode_of_delivery, project_leaders, project_leader_responsibilities, assistant_project_leaders, assistant_project_leader_responsibilities, project_staff, project_staff_responsibilities, partner_office, type_of_participants, male_participants, female_participants, total_participants, rationale, objectives, specific_objectives, description, strategies, methods, methods[0][details], materials, workplan, source_of_fund, total_budget, budget_breakdown, monitoring, sustainability_plan, specific_plans, assistant_leader_responsibilities, staff_responsibilities, general_objectives
[2025-04-07 05:29:49] All required fields present
[2025-04-07 05:29:49] Transaction started
[2025-04-07 05:29:49] Methods processed: 1
[2025-04-07 05:29:49] Workplan processed: 2
[2025-04-07 05:29:49] Monitoring items processed: 1
[2025-04-07 05:29:49] Looking up ppas_form_id for activity: 18
[2025-04-07 05:29:49] Activity title not found in ppas_forms table: 18
[2025-04-07 05:29:49] Using numeric value as ppas_form_id: 18
[2025-04-07 05:29:49] Attempting to insert with ppas_form_id: 18
[2025-04-07 05:29:49] User campus: Lipa
[2025-04-07 05:29:49] All JSON fields encoded successfully
[2025-04-07 05:29:49] Parameters bound successfully
[2025-04-07 05:29:49] Statement executed successfully
[2025-04-07 05:29:49] Transaction committed successfully
[2025-04-07 05:29:49] ---- END OF FORM SUBMISSION ----

[2025-04-07 05:33:19] ---- NEW FORM SUBMISSION ----
[2025-04-07 05:33:19] User: Lipa
[2025-04-07 05:33:19] Database connection successful
[2025-04-07 05:33:19] Raw input: {"year":"2025","quarter":"Q1","activity_title":"18","project":"Test Project","program":"Test Program","venue":"Test Location","start_date":"2025-04-03","end_date":"2025-04-06","start_time":"08:53","end_time":"12:53","mode_of_delivery":"Online","project_leaders":"Test, Test","project_leader_responsibilities":["1","2"],"assistant_project_leaders":"Test, Test","assistant_project_leader_responsibilities":["1","2"],"project_staff":"Test, Test","project_staff_responsibilities":["1","2"],"partner_office":"1","type_of_participants":"Test Type","male_participants":"8","female_participants":"2","total_participants":"10","rationale":"1","objectives":"1","specific_objectives":["1","2"],"description":"1","strategies":["1","2"],"methods":[["1",["1","2"]]],"methods[0][details]":["1","2"],"materials":["1","2"],"workplan":[["1",["2025-04-03"]],["2",["2025-04-04","2025-04-05","2025-04-06"]]],"source_of_fund":"MDS-GAD","total_budget":"1.00","budget_breakdown":"1","monitoring":[["1","2","3","4","5","6","7","8"]],"sustainability_plan":"1","specific_plans":["1","2"],"assistant_leader_responsibilities":["1","2"],"staff_responsibilities":["1","2"],"general_objectives":"1"}
[2025-04-07 05:33:19] JSON decoded successfully. Keys present: year, quarter, activity_title, project, program, venue, start_date, end_date, start_time, end_time, mode_of_delivery, project_leaders, project_leader_responsibilities, assistant_project_leaders, assistant_project_leader_responsibilities, project_staff, project_staff_responsibilities, partner_office, type_of_participants, male_participants, female_participants, total_participants, rationale, objectives, specific_objectives, description, strategies, methods, methods[0][details], materials, workplan, source_of_fund, total_budget, budget_breakdown, monitoring, sustainability_plan, specific_plans, assistant_leader_responsibilities, staff_responsibilities, general_objectives
[2025-04-07 05:33:19] All required fields present
[2025-04-07 05:33:19] Transaction started
[2025-04-07 05:33:19] Methods processed: 1
[2025-04-07 05:33:19] Workplan processed: 2
[2025-04-07 05:33:19] Monitoring items processed: 1
[2025-04-07 05:33:19] Looking up ppas_form_id for activity: 18
[2025-04-07 05:33:19] Activity title not found in ppas_forms table: 18
[2025-04-07 05:33:19] Using numeric value as ppas_form_id: 18
[2025-04-07 05:33:19] Attempting to insert with ppas_form_id: 18
[2025-04-07 05:33:19] User campus: Lipa
[2025-04-07 05:33:19] All JSON fields encoded successfully
[2025-04-07 05:33:19] Parameters bound successfully
[2025-04-07 05:33:19] Statement executed successfully
[2025-04-07 05:33:19] Transaction committed successfully
[2025-04-07 05:33:19] ---- END OF FORM SUBMISSION ----

[2025-04-07 05:38:32] ---- NEW FORM SUBMISSION ----
[2025-04-07 05:38:32] User: Lipa
[2025-04-07 05:38:32] Database connection successful
[2025-04-07 05:38:32] Raw input: {"year":"2025","quarter":"Q1","activity_title":"18","project":"Test Project","program":"Test Program","venue":"Test Location","start_date":"2025-04-03","end_date":"2025-04-06","start_time":"08:53","end_time":"12:53","mode_of_delivery":"Online","project_leaders":"Test, Test","project_leader_responsibilities":["Project Leader Responsibilities 1","Project Leader Responsibilities 2","Project Leader Responsibilities 3"],"assistant_project_leaders":"Test, Test","assistant_project_leader_responsibilities":["Assistant Project Leader Responsibilities 1","Assistant Project Leader Responsibilities 2","Assistant Project Leader Responsibilities 3"],"project_staff":"Test, Test","project_staff_responsibilities":["Project Staff Responsibilities 1","Project Staff Responsibilities 2","Project Staff Responsibilities3"],"partner_office":"Partner","type_of_participants":"Test Type","male_participants":"8","female_participants":"2","total_participants":"10","rationale":"Rationale","objectives":"General Objective","specific_objectives":["Specific Objectives 1","Specific Objectives 2"],"description":"Description","strategies":["Strategies 1","Strategies 2","Strategies 3"],"methods":[["Activity Name 1",["Activity Details 1","Activity Details 2"]],["Activity Name 2",["Activity Details 1"]]],"methods[0][details]":["Activity Details 1","Activity Details 2"],"methods[1][details]":["Activity Details 1"],"materials":["Material 1","Material 2","Material 3"],"workplan":[["Work plan 1",["2025-04-03"]],["Work plan 2",["2025-04-04","2025-04-05","2025-04-06"]]],"source_of_fund":"MDS-GAD","total_budget":"1.00","budget_breakdown":"Budget Breakdown","monitoring":[["Objectives 1","Performance Indicators 1","Baseline Data 1","Performance Target 1","Data Source 1","Collection Method 1","Frequency of Data Collection 1","Office/Persons Responsible 1"],["Objectives 2","Performance Indicators 2","Baseline Data 2","Performance Target 2","Data Source 2","Collection Method 2","Frequency of Data Collection 2","Office/Persons Responsible 2"]],"sustainability_plan":"Sustainability Plan","specific_plans":["Specific Plans 1","Specific Plans 2","Specific Plans 3"],"assistant_leader_responsibilities":["Assistant Project Leader Responsibilities 1","Assistant Project Leader Responsibilities 2","Assistant Project Leader Responsibilities 3"],"staff_responsibilities":["Project Staff Responsibilities 1","Project Staff Responsibilities 2","Project Staff Responsibilities3"],"general_objectives":"General Objective"}
[2025-04-07 05:38:32] JSON decoded successfully. Keys present: year, quarter, activity_title, project, program, venue, start_date, end_date, start_time, end_time, mode_of_delivery, project_leaders, project_leader_responsibilities, assistant_project_leaders, assistant_project_leader_responsibilities, project_staff, project_staff_responsibilities, partner_office, type_of_participants, male_participants, female_participants, total_participants, rationale, objectives, specific_objectives, description, strategies, methods, methods[0][details], methods[1][details], materials, workplan, source_of_fund, total_budget, budget_breakdown, monitoring, sustainability_plan, specific_plans, assistant_leader_responsibilities, staff_responsibilities, general_objectives
[2025-04-07 05:38:32] All required fields present
[2025-04-07 05:38:32] Transaction started
[2025-04-07 05:38:32] Methods processed: 2
[2025-04-07 05:38:32] Workplan processed: 2
[2025-04-07 05:38:32] Monitoring items processed: 2
[2025-04-07 05:38:32] Looking up ppas_form_id for activity: 18
[2025-04-07 05:38:32] Activity title not found in ppas_forms table: 18
[2025-04-07 05:38:32] Using numeric value as ppas_form_id: 18
[2025-04-07 05:38:32] Attempting to insert with ppas_form_id: 18
[2025-04-07 05:38:32] User campus: Lipa
[2025-04-07 05:38:32] All JSON fields encoded successfully
[2025-04-07 05:38:32] Parameters bound successfully
[2025-04-07 05:38:32] Statement executed successfully
[2025-04-07 05:38:32] Transaction committed successfully
[2025-04-07 05:38:32] ---- END OF FORM SUBMISSION ----

[2025-04-07 05:42:45] ---- NEW FORM SUBMISSION ----
[2025-04-07 05:42:45] User: Lipa
[2025-04-07 05:42:45] Database connection successful
[2025-04-07 05:42:45] Raw input: {"year":"2025","quarter":"Q2","activity_title":"19","project":"Test Project","program":"Test Program","venue":"Test Location","start_date":"2025-04-07","end_date":"2025-04-09","start_time":"11:30","end_time":"17:30","mode_of_delivery":"Face-to-Face","project_leaders":"Test","project_leader_responsibilities":["1"],"assistant_project_leaders":"Test","assistant_project_leader_responsibilities":["1"],"project_staff":"Test","project_staff_responsibilities":["1"],"partner_office":"1","type_of_participants":"Test","male_participants":"14","female_participants":"10","total_participants":"24","rationale":"1","objectives":"1","specific_objectives":["1","2"],"description":"1","strategies":["1","2"],"methods":[["1",["1"]]],"methods[0][details]":["1"],"materials":["1"],"workplan":[["1",["2025-04-07"]],["2",["2025-04-08","2025-04-09"]]],"source_of_fund":"MDS-GAD","total_budget":"1.00","budget_breakdown":"1","monitoring":[["1","1","1","1","1","1","1","1"]],"sustainability_plan":"1","specific_plans":["1"],"assistant_leader_responsibilities":["1"],"staff_responsibilities":["1"],"general_objectives":"1"}
[2025-04-07 05:42:45] JSON decoded successfully. Keys present: year, quarter, activity_title, project, program, venue, start_date, end_date, start_time, end_time, mode_of_delivery, project_leaders, project_leader_responsibilities, assistant_project_leaders, assistant_project_leader_responsibilities, project_staff, project_staff_responsibilities, partner_office, type_of_participants, male_participants, female_participants, total_participants, rationale, objectives, specific_objectives, description, strategies, methods, methods[0][details], materials, workplan, source_of_fund, total_budget, budget_breakdown, monitoring, sustainability_plan, specific_plans, assistant_leader_responsibilities, staff_responsibilities, general_objectives
[2025-04-07 05:42:45] All required fields present
[2025-04-07 05:42:45] Transaction started
[2025-04-07 05:42:45] Methods processed: 1
[2025-04-07 05:42:45] Workplan processed: 2
[2025-04-07 05:42:45] Monitoring items processed: 1
[2025-04-07 05:42:45] Looking up ppas_form_id for activity: 19
[2025-04-07 05:42:45] Activity title not found in ppas_forms table: 19
[2025-04-07 05:42:45] Using numeric value as ppas_form_id: 19
[2025-04-07 05:42:45] Attempting to insert with ppas_form_id: 19
[2025-04-07 05:42:45] User campus: Lipa
[2025-04-07 05:42:45] All JSON fields encoded successfully
[2025-04-07 05:42:45] Parameters bound successfully
[2025-04-07 05:42:45] Statement executed successfully
[2025-04-07 05:42:45] Transaction committed successfully
[2025-04-07 05:42:45] ---- END OF FORM SUBMISSION ----

[2025-04-07 07:50:58] ---- NEW FORM SUBMISSION ----
[2025-04-07 07:50:58] User: Lipa
[2025-04-07 07:50:58] Database connection successful
[2025-04-07 07:50:58] Raw input: {"year":"2025","quarter":"Q2","activity_title":"19","project":"Test Project","program":"Test Program","venue":"Test Location","start_date":"2025-04-07","end_date":"2025-04-09","start_time":"11:30","end_time":"17:30","mode_of_delivery":"Hybrid","project_leaders":"Test","project_leader_responsibilities":["1"],"assistant_project_leaders":"Test","assistant_project_leader_responsibilities":["1"],"project_staff":"Test","project_staff_responsibilities":["1"],"partner_office":"1","type_of_participants":"Test","male_participants":"14","female_participants":"10","total_participants":"24","rationale":"1","objectives":"1","specific_objectives":["1"],"description":"1","strategies":["1"],"methods":[["1",["1"]]],"methods[0][details]":["1"],"materials":["1"],"workplan":[["1",["2025-04-07"]]],"source_of_fund":"MDS-GAD","total_budget":"1.00","budget_breakdown":"1","monitoring":[["1","1","1","1","1","1","1","1"]],"sustainability_plan":"1","specific_plans":["1"],"assistant_leader_responsibilities":["1"],"staff_responsibilities":["1"],"general_objectives":"1"}
[2025-04-07 07:50:58] JSON decoded successfully. Keys present: year, quarter, activity_title, project, program, venue, start_date, end_date, start_time, end_time, mode_of_delivery, project_leaders, project_leader_responsibilities, assistant_project_leaders, assistant_project_leader_responsibilities, project_staff, project_staff_responsibilities, partner_office, type_of_participants, male_participants, female_participants, total_participants, rationale, objectives, specific_objectives, description, strategies, methods, methods[0][details], materials, workplan, source_of_fund, total_budget, budget_breakdown, monitoring, sustainability_plan, specific_plans, assistant_leader_responsibilities, staff_responsibilities, general_objectives
[2025-04-07 07:50:58] All required fields present
[2025-04-07 07:50:58] Transaction started
[2025-04-07 07:50:58] Methods processed: 1
[2025-04-07 07:50:58] Workplan processed: 1
[2025-04-07 07:50:58] Monitoring items processed: 1
[2025-04-07 07:50:58] Looking up ppas_form_id for activity: 19
[2025-04-07 07:50:58] Activity title not found in ppas_forms table: 19
[2025-04-07 07:50:58] Using numeric value as ppas_form_id: 19
[2025-04-07 07:50:58] Attempting to insert with ppas_form_id: 19
[2025-04-07 07:50:58] User campus: Lipa
[2025-04-07 07:50:58] All JSON fields encoded successfully
[2025-04-07 07:50:58] Parameters bound successfully
[2025-04-07 07:50:58] Statement executed successfully
[2025-04-07 07:50:58] Transaction committed successfully
[2025-04-07 07:50:58] ---- END OF FORM SUBMISSION ----

[2025-04-08 01:41:01] ---- NEW FORM SUBMISSION ----
[2025-04-08 01:41:01] User: Lipa
[2025-04-08 01:41:01] Database connection successful
[2025-04-08 01:41:01] Raw input: {"year":"2025","quarter":"Q1","activity_title":"18","project":"Test Project","program":"Test Program","venue":"Test Location","start_date":"2025-04-03","end_date":"2025-04-06","start_time":"08:53","end_time":"12:53","mode_of_delivery":"Online","project_leaders":"Test, Test","project_leader_responsibilities":["1"],"assistant_project_leaders":"Test, Test","assistant_project_leader_responsibilities":["1"],"project_staff":"Test, Test","project_staff_responsibilities":["1"],"partner_office":"1","type_of_participants":"Test Type","male_participants":"8","female_participants":"2","total_participants":"10","rationale":"1","objectives":"1","specific_objectives":["1"],"description":"1","strategies":["1"],"methods":[["1",["1"]]],"methods[0][details]":["1"],"materials":["1"],"workplan":[["1",["2025-04-03"]]],"source_of_fund":"MDS-GAD","total_budget":"1.00","budget_breakdown":"1","monitoring":[["1","1","1","1","1","1","1","1"]],"sustainability_plan":"1","specific_plans":["1"],"assistant_leader_responsibilities":["1"],"staff_responsibilities":["1"],"general_objectives":"1"}
[2025-04-08 01:41:01] JSON decoded successfully. Keys present: year, quarter, activity_title, project, program, venue, start_date, end_date, start_time, end_time, mode_of_delivery, project_leaders, project_leader_responsibilities, assistant_project_leaders, assistant_project_leader_responsibilities, project_staff, project_staff_responsibilities, partner_office, type_of_participants, male_participants, female_participants, total_participants, rationale, objectives, specific_objectives, description, strategies, methods, methods[0][details], materials, workplan, source_of_fund, total_budget, budget_breakdown, monitoring, sustainability_plan, specific_plans, assistant_leader_responsibilities, staff_responsibilities, general_objectives
[2025-04-08 01:41:01] All required fields present
[2025-04-08 01:41:01] Transaction started
[2025-04-08 01:41:01] Methods processed: 1
[2025-04-08 01:41:01] Workplan processed: 1
[2025-04-08 01:41:01] Monitoring items processed: 1
[2025-04-08 01:41:01] Looking up ppas_form_id for activity: 18
[2025-04-08 01:41:01] Activity title not found in ppas_forms table: 18
[2025-04-08 01:41:01] Using numeric value as ppas_form_id: 18
[2025-04-08 01:41:01] Attempting to insert with ppas_form_id: 18
[2025-04-08 01:41:01] User campus: Lipa
[2025-04-08 01:41:01] All JSON fields encoded successfully
[2025-04-08 01:41:01] Parameters bound successfully
[2025-04-08 01:41:01] Statement executed successfully
[2025-04-08 01:41:01] Transaction committed successfully
[2025-04-08 01:41:01] ---- END OF FORM SUBMISSION ----

[2025-04-08 03:16:27] ---- NEW FORM SUBMISSION ----
[2025-04-08 03:16:27] ---- NEW FORM SUBMISSION ----
[2025-04-08 03:16:27] User: Lipa
[2025-04-08 03:16:27] Database connection successful
[2025-04-08 03:16:27] Raw input: {"year":"2025","quarter":"Q2","activity_title":"19","project":"Test Project","program":"Test Program","venue":"Test Location","start_date":"2025-04-07","end_date":"2025-04-09","start_time":"11:30","end_time":"17:30","mode_of_delivery":"Online","project_leaders":"Test","project_leader_responsibilities":["Project Leader Responsibilities #1","Project Leader Responsibilities #2"],"assistant_project_leaders":"Test","assistant_project_leader_responsibilities":["Assistant Project Leader Responsibilities #1","Assistant Project Leader Responsibilities #2"],"project_staff":"Test","project_staff_responsibilities":["Project Staff Responsibilities #1","Project Staff Responsibilities #2"],"partner_office":"Partner Office/College/Department","type_of_participants":"Test","male_participants":"14","female_participants":"10","total_participants":"24","rationale":"Rationale/Background","objectives":"General Objectives","specific_objectives":["Specific Objectives #1","Specific Objectives #2"],"description":"Description","strategies":["Strategies #1","Strategies #2"],"methods":[["Activity Name #1",["Activity Details #1","Activity Details #2"]],["Activity Name #1",["Activity Details #1","Activity Details #2"]]],"methods[0][details]":["Activity Details #1","Activity Details #2"],"methods[1][details]":["Activity Details #1","Activity Details #2"],"materials":["Materials #1","Materials #2","Materials #3"],"workplan":[["Work Plan #1",["2025-04-07","2025-04-08"]],["Work Plan #2",["2025-04-09"]]],"source_of_fund":"MDS-GAD","total_budget":"1.00","budget_breakdown":"Budget Breakdown","monitoring":[["Objectives #1","Performance Indicators #1","Baseline Data #1","Performance Target #1","Data Source #1","Collection Method #1","Frequency of Data Collection #1","Office/Persons Responsible #1"],["Objectives #2","Performance Indicators #2","Baseline Data #2","Performance Target #2","Data Source #2","Collection Method #2","Frequency of Data Collection #2","Office/Persons Responsible #2"]],"sustainability_plan":"Sustainability Plan","specific_plans":["Specific Plans #1","Specific Plans #2","Specific Plans #3"],"assistant_leader_responsibilities":["Assistant Project Leader Responsibilities #1","Assistant Project Leader Responsibilities #2"],"staff_responsibilities":["Project Staff Responsibilities #1","Project Staff Responsibilities #2"],"general_objectives":"General Objectives"}
[2025-04-08 03:16:27] JSON decoded successfully. Keys present: year, quarter, activity_title, project, program, venue, start_date, end_date, start_time, end_time, mode_of_delivery, project_leaders, project_leader_responsibilities, assistant_project_leaders, assistant_project_leader_responsibilities, project_staff, project_staff_responsibilities, partner_office, type_of_participants, male_participants, female_participants, total_participants, rationale, objectives, specific_objectives, description, strategies, methods, methods[0][details], methods[1][details], materials, workplan, source_of_fund, total_budget, budget_breakdown, monitoring, sustainability_plan, specific_plans, assistant_leader_responsibilities, staff_responsibilities, general_objectives
[2025-04-08 03:16:27] All required fields present
[2025-04-08 03:16:27] Transaction started
[2025-04-08 03:16:27] Methods processed: 2
[2025-04-08 03:16:27] Workplan processed: 2
[2025-04-08 03:16:27] Monitoring items processed: 2
[2025-04-08 03:16:27] Looking up ppas_form_id for activity: 19
[2025-04-08 03:16:27] Activity title not found in ppas_forms table: 19
[2025-04-08 03:16:27] Using numeric value as ppas_form_id: 19
[2025-04-08 03:16:27] Attempting to insert with ppas_form_id: 19
[2025-04-08 03:16:27] User campus: Lipa
[2025-04-08 03:16:27] All JSON fields encoded successfully
[2025-04-08 03:16:27] Parameters bound successfully
[2025-04-08 03:16:27] Statement executed successfully
[2025-04-08 03:16:27] Transaction committed successfully
[2025-04-08 03:16:27] ---- END OF FORM SUBMISSION ----

[2025-04-08 03:16:27] User: Lipa
[2025-04-08 03:16:27] Database connection successful
[2025-04-08 03:16:27] Raw input: {"year":"2025","quarter":"Q2","activity_title":"19","project":"Test Project","program":"Test Program","venue":"Test Location","start_date":"2025-04-07","end_date":"2025-04-09","start_time":"11:30","end_time":"17:30","mode_of_delivery":"Online","project_leaders":"Test","project_leader_responsibilities":["Project Leader Responsibilities #1","Project Leader Responsibilities #2"],"assistant_project_leaders":"Test","assistant_project_leader_responsibilities":["Assistant Project Leader Responsibilities #1","Assistant Project Leader Responsibilities #2"],"project_staff":"Test","project_staff_responsibilities":["Project Staff Responsibilities #1","Project Staff Responsibilities #2"],"partner_office":"Partner Office/College/Department","type_of_participants":"Test","male_participants":"14","female_participants":"10","total_participants":"24","rationale":"Rationale/Background","objectives":"General Objectives","specific_objectives":["Specific Objectives #1","Specific Objectives #2"],"description":"Description","strategies":["Strategies #1","Strategies #2"],"methods":[["Activity Name #1",["Activity Details #1","Activity Details #2"]],["Activity Name #1",["Activity Details #1","Activity Details #2"]]],"methods[0][details]":["Activity Details #1","Activity Details #2"],"methods[1][details]":["Activity Details #1","Activity Details #2"],"materials":["Materials #1","Materials #2","Materials #3"],"workplan":[["Work Plan #1",["2025-04-07","2025-04-08"]],["Work Plan #2",["2025-04-09"]]],"source_of_fund":"MDS-GAD","total_budget":"1.00","budget_breakdown":"Budget Breakdown","monitoring":[["Objectives #1","Performance Indicators #1","Baseline Data #1","Performance Target #1","Data Source #1","Collection Method #1","Frequency of Data Collection #1","Office/Persons Responsible #1"],["Objectives #2","Performance Indicators #2","Baseline Data #2","Performance Target #2","Data Source #2","Collection Method #2","Frequency of Data Collection #2","Office/Persons Responsible #2"]],"sustainability_plan":"Sustainability Plan","specific_plans":["Specific Plans #1","Specific Plans #2","Specific Plans #3"],"assistant_leader_responsibilities":["Assistant Project Leader Responsibilities #1","Assistant Project Leader Responsibilities #2"],"staff_responsibilities":["Project Staff Responsibilities #1","Project Staff Responsibilities #2"],"general_objectives":"General Objectives"}
[2025-04-08 03:16:27] JSON decoded successfully. Keys present: year, quarter, activity_title, project, program, venue, start_date, end_date, start_time, end_time, mode_of_delivery, project_leaders, project_leader_responsibilities, assistant_project_leaders, assistant_project_leader_responsibilities, project_staff, project_staff_responsibilities, partner_office, type_of_participants, male_participants, female_participants, total_participants, rationale, objectives, specific_objectives, description, strategies, methods, methods[0][details], methods[1][details], materials, workplan, source_of_fund, total_budget, budget_breakdown, monitoring, sustainability_plan, specific_plans, assistant_leader_responsibilities, staff_responsibilities, general_objectives
[2025-04-08 03:16:27] All required fields present
[2025-04-08 03:16:27] Transaction started
[2025-04-08 03:16:27] Methods processed: 2
[2025-04-08 03:16:27] Workplan processed: 2
[2025-04-08 03:16:27] Monitoring items processed: 2
[2025-04-08 03:16:27] Looking up ppas_form_id for activity: 19
[2025-04-08 03:16:27] Activity title not found in ppas_forms table: 19
[2025-04-08 03:16:27] Using numeric value as ppas_form_id: 19
[2025-04-08 03:16:27] Attempting to insert with ppas_form_id: 19
[2025-04-08 03:16:27] User campus: Lipa
[2025-04-08 03:16:27] All JSON fields encoded successfully
[2025-04-08 03:16:27] Parameters bound successfully
[2025-04-08 03:16:27] Statement executed successfully
[2025-04-08 03:16:27] Transaction committed successfully
[2025-04-08 03:16:27] ---- END OF FORM SUBMISSION ----

[2025-04-08 03:20:38] ---- NEW FORM SUBMISSION ----
[2025-04-08 03:20:38] User: Lipa
[2025-04-08 03:20:38] Database connection successful
[2025-04-08 03:20:38] Raw input: {"year":"2025","quarter":"Q2","activity_title":"19","project":"Test Project","program":"Test Program","venue":"Test Location","start_date":"2025-04-07","end_date":"2025-04-09","start_time":"11:30","end_time":"17:30","mode_of_delivery":"Online","project_leaders":"Test","project_leader_responsibilities":["1"],"assistant_project_leaders":"Test","assistant_project_leader_responsibilities":["1"],"project_staff":"Test","project_staff_responsibilities":["1"],"partner_office":"1","type_of_participants":"Test","male_participants":"14","female_participants":"10","total_participants":"24","rationale":"1","objectives":"1","specific_objectives":["1"],"description":"1","strategies":["1"],"methods":[["1",["1"]]],"methods[0][details]":["1"],"materials":["1"],"workplan":[["1",["2025-04-07"]]],"source_of_fund":"MDS-GAD","total_budget":"1.00","budget_breakdown":"1","monitoring":[["1","1","1","1","1","1","1","1"]],"sustainability_plan":"1","specific_plans":["1"],"assistant_leader_responsibilities":["1"],"staff_responsibilities":["1"],"general_objectives":"1"}
[2025-04-08 03:20:38] JSON decoded successfully. Keys present: year, quarter, activity_title, project, program, venue, start_date, end_date, start_time, end_time, mode_of_delivery, project_leaders, project_leader_responsibilities, assistant_project_leaders, assistant_project_leader_responsibilities, project_staff, project_staff_responsibilities, partner_office, type_of_participants, male_participants, female_participants, total_participants, rationale, objectives, specific_objectives, description, strategies, methods, methods[0][details], materials, workplan, source_of_fund, total_budget, budget_breakdown, monitoring, sustainability_plan, specific_plans, assistant_leader_responsibilities, staff_responsibilities, general_objectives
[2025-04-08 03:20:38] All required fields present
[2025-04-08 03:20:38] Transaction started
[2025-04-08 03:20:38] Methods processed: 1
[2025-04-08 03:20:38] Workplan processed: 1
[2025-04-08 03:20:38] Monitoring items processed: 1
[2025-04-08 03:20:38] Looking up ppas_form_id for activity: 19
[2025-04-08 03:20:38] Activity title not found in ppas_forms table: 19
[2025-04-08 03:20:38] Using numeric value as ppas_form_id: 19
[2025-04-08 03:20:38] Attempting to insert with ppas_form_id: 19
[2025-04-08 03:20:38] User campus: Lipa
[2025-04-08 03:20:38] All JSON fields encoded successfully
[2025-04-08 03:20:38] Parameters bound successfully
[2025-04-08 03:20:38] Statement executed successfully
[2025-04-08 03:20:38] Transaction committed successfully
[2025-04-08 03:20:38] ---- END OF FORM SUBMISSION ----

[2025-04-10 02:45:13] ---- NEW FORM SUBMISSION ----
[2025-04-10 02:45:13] User: Lipa
[2025-04-10 02:45:13] Database connection successful
[2025-04-10 02:45:13] Raw input: {"year":"2025","quarter":"Q1","activity_title":"18","project":"Test Project","program":"Test Program","venue":"Test Location","start_date":"2025-04-03","end_date":"2025-04-06","start_time":"08:53","end_time":"12:53","mode_of_delivery":"Face-to-Face","project_leaders":"Test, Test","project_leader_responsibilities":["1"],"assistant_project_leaders":"Test, Test","assistant_project_leader_responsibilities":["1"],"project_staff":"Test, Test","project_staff_responsibilities":["1"],"partner_office":"1","type_of_participants":"Test Type","male_participants":"8","female_participants":"2","total_participants":"10","rationale":"1","objectives":"1","specific_objectives":["1"],"description":"1","strategies":["1"],"methods":[["1",["1"]]],"methods[0][details]":["1"],"materials":["1"],"workplan":[["1",["2025-04-03","2025-04-04"]]],"source_of_fund":"MDS-GAD","total_budget":"1.00","budget_breakdown":"1","monitoring":[["1","1","1","1","1","1","1","1"]],"sustainability_plan":"1","specific_plans":["1"],"assistant_leader_responsibilities":["1"],"staff_responsibilities":["1"],"general_objectives":"1"}
[2025-04-10 02:45:13] JSON decoded successfully. Keys present: year, quarter, activity_title, project, program, venue, start_date, end_date, start_time, end_time, mode_of_delivery, project_leaders, project_leader_responsibilities, assistant_project_leaders, assistant_project_leader_responsibilities, project_staff, project_staff_responsibilities, partner_office, type_of_participants, male_participants, female_participants, total_participants, rationale, objectives, specific_objectives, description, strategies, methods, methods[0][details], materials, workplan, source_of_fund, total_budget, budget_breakdown, monitoring, sustainability_plan, specific_plans, assistant_leader_responsibilities, staff_responsibilities, general_objectives
[2025-04-10 02:45:13] All required fields present
[2025-04-10 02:45:13] Transaction started
[2025-04-10 02:45:13] Methods processed: 1
[2025-04-10 02:45:13] Workplan processed: 1
[2025-04-10 02:45:13] Monitoring items processed: 1
[2025-04-10 02:45:13] Looking up ppas_form_id for activity: 18
[2025-04-10 02:45:13] Activity title not found in ppas_forms table: 18
[2025-04-10 02:45:13] Using numeric value as ppas_form_id: 18
[2025-04-10 02:45:13] Attempting to insert with ppas_form_id: 18
[2025-04-10 02:45:13] User campus: Lipa
[2025-04-10 02:45:13] All JSON fields encoded successfully
[2025-04-10 02:45:13] Parameters bound successfully
[2025-04-10 02:45:13] Statement executed successfully
[2025-04-10 02:45:13] Transaction committed successfully
[2025-04-10 02:45:13] ---- END OF FORM SUBMISSION ----

[2025-04-10 02:49:18] ---- NEW FORM SUBMISSION ----
[2025-04-10 02:49:18] User: Lipa
[2025-04-10 02:49:18] Database connection successful
[2025-04-10 02:49:18] Raw input: {"year":"2025","quarter":"Q1","activity_title":"18","project":"Test Project","program":"Test Program","venue":"Test Location","start_date":"2025-04-03","end_date":"2025-04-06","start_time":"08:53","end_time":"12:53","mode_of_delivery":"Online","project_leaders":"Test, Test","project_leader_responsibilities":["1232"],"assistant_project_leaders":"Test, Test","assistant_project_leader_responsibilities":["1232"],"project_staff":"Test, Test","project_staff_responsibilities":["123"],"partner_office":"2132","type_of_participants":"Test Type","male_participants":"8","female_participants":"2","total_participants":"10","rationale":"2132","objectives":"123","specific_objectives":["213"],"description":"213","strategies":["123"],"methods":[["213",["123"]]],"methods[0][details]":["123"],"materials":["213"],"workplan":[["2123",["2025-04-03","2025-04-04"]]],"source_of_fund":"MDS-GAD","total_budget":"1.00","budget_breakdown":"1232","monitoring":[["213","123","123","123","213","123","123","123"]],"sustainability_plan":"213","specific_plans":["32"],"assistant_leader_responsibilities":["1232"],"staff_responsibilities":["123"],"general_objectives":"123"}
[2025-04-10 02:49:18] JSON decoded successfully. Keys present: year, quarter, activity_title, project, program, venue, start_date, end_date, start_time, end_time, mode_of_delivery, project_leaders, project_leader_responsibilities, assistant_project_leaders, assistant_project_leader_responsibilities, project_staff, project_staff_responsibilities, partner_office, type_of_participants, male_participants, female_participants, total_participants, rationale, objectives, specific_objectives, description, strategies, methods, methods[0][details], materials, workplan, source_of_fund, total_budget, budget_breakdown, monitoring, sustainability_plan, specific_plans, assistant_leader_responsibilities, staff_responsibilities, general_objectives
[2025-04-10 02:49:18] All required fields present
[2025-04-10 02:49:18] Transaction started
[2025-04-10 02:49:18] Methods processed: 1
[2025-04-10 02:49:18] Workplan processed: 1
[2025-04-10 02:49:18] Monitoring items processed: 1
[2025-04-10 02:49:18] Looking up ppas_form_id for activity: 18
[2025-04-10 02:49:18] Activity title not found in ppas_forms table: 18
[2025-04-10 02:49:18] Using numeric value as ppas_form_id: 18
[2025-04-10 02:49:18] Attempting to insert with ppas_form_id: 18
[2025-04-10 02:49:18] User campus: Lipa
[2025-04-10 02:49:18] All JSON fields encoded successfully
[2025-04-10 02:49:18] Parameters bound successfully
[2025-04-10 02:49:18] Statement executed successfully
[2025-04-10 02:49:18] Transaction committed successfully
[2025-04-10 02:49:18] ---- END OF FORM SUBMISSION ----

[2025-04-10 02:49:51] ---- NEW FORM SUBMISSION ----
[2025-04-10 02:49:51] User: Lipa
[2025-04-10 02:49:51] Database connection successful
[2025-04-10 02:49:51] Raw input: {"year":"2025","quarter":"Q1","activity_title":"18","project":"Test Project","program":"Test Program","venue":"Test Location","start_date":"2025-04-03","end_date":"2025-04-06","start_time":"08:53","end_time":"12:53","mode_of_delivery":"Online","project_leaders":"Test, Test","project_leader_responsibilities":["213"],"assistant_project_leaders":"Test, Test","assistant_project_leader_responsibilities":["213"],"project_staff":"Test, Test","project_staff_responsibilities":["23"],"partner_office":"213","type_of_participants":"Test Type","male_participants":"8","female_participants":"2","total_participants":"10","rationale":"213","objectives":"213","specific_objectives":["23"],"description":"21","strategies":["213"],"methods":[["213",["213"]]],"methods[0][details]":["213"],"materials":["32"],"workplan":[["213",["2025-04-03"]]],"source_of_fund":"MDS-GAD","total_budget":"1.00","budget_breakdown":"23","monitoring":[["123","21","3","123","213","213","123","213"]],"sustainability_plan":"213","specific_plans":["213"],"assistant_leader_responsibilities":["213"],"staff_responsibilities":["23"],"general_objectives":"213"}
[2025-04-10 02:49:51] JSON decoded successfully. Keys present: year, quarter, activity_title, project, program, venue, start_date, end_date, start_time, end_time, mode_of_delivery, project_leaders, project_leader_responsibilities, assistant_project_leaders, assistant_project_leader_responsibilities, project_staff, project_staff_responsibilities, partner_office, type_of_participants, male_participants, female_participants, total_participants, rationale, objectives, specific_objectives, description, strategies, methods, methods[0][details], materials, workplan, source_of_fund, total_budget, budget_breakdown, monitoring, sustainability_plan, specific_plans, assistant_leader_responsibilities, staff_responsibilities, general_objectives
[2025-04-10 02:49:51] All required fields present
[2025-04-10 02:49:51] Transaction started
[2025-04-10 02:49:51] Methods processed: 1
[2025-04-10 02:49:51] Workplan processed: 1
[2025-04-10 02:49:51] Monitoring items processed: 1
[2025-04-10 02:49:51] Looking up ppas_form_id for activity: 18
[2025-04-10 02:49:51] Activity title not found in ppas_forms table: 18
[2025-04-10 02:49:51] Using numeric value as ppas_form_id: 18
[2025-04-10 02:49:51] Attempting to insert with ppas_form_id: 18
[2025-04-10 02:49:51] User campus: Lipa
[2025-04-10 02:49:51] All JSON fields encoded successfully
[2025-04-10 02:49:51] Parameters bound successfully
[2025-04-10 02:49:51] Statement executed successfully
[2025-04-10 02:49:51] Transaction committed successfully
[2025-04-10 02:49:51] ---- END OF FORM SUBMISSION ----

[2025-04-10 03:00:39] ---- NEW FORM SUBMISSION ----
[2025-04-10 03:00:39] User: Lipa
[2025-04-10 03:00:39] Database connection successful
[2025-04-10 03:00:39] Raw input: {"year":"2025","quarter":"Q1","activity_title":"18","project":"Test Project","program":"Test Program","venue":"Test Location","start_date":"2025-04-03","end_date":"2025-04-06","start_time":"08:53","end_time":"12:53","mode_of_delivery":"Online","project_leaders":"Test, Test","project_leader_responsibilities":["Project Leader Responsibilities #1","Project Leader Responsibilities #2","Project Leader Responsibilities #3"],"assistant_project_leaders":"Test, Test","assistant_project_leader_responsibilities":["Assistant Project Leader Responsibilities #1","Assistant Project Leader Responsibilities #2","Assistant Project Leader Responsibilities #3"],"project_staff":"Test, Test","project_staff_responsibilities":["Project Staff Responsibilities #1","Project Staff Responsibilities #2","Project Staff Responsibilities #3"],"partner_office":"CICS","type_of_participants":"Test Type","male_participants":"8","female_participants":"2","total_participants":"10","rationale":"Rationale","objectives":"General Objectives","specific_objectives":["Specific Objectives #1","Specific Objectives #2","Specific Objectives #3"],"description":"Description","strategies":["Strategies #1","Strategies #2","Strategies #3"],"methods":[["Activity Name #1",["Activity Details #1","Activity Details #2"]],["Activity Name #2",["Activity Details #1","Activity Details #2"]]],"methods[0][details]":["Activity Details #1","Activity Details #2"],"methods[1][details]":["Activity Details #1","Activity Details #2"],"materials":["Materials #1","Materials #2","Materials #3"],"workplan":[["Work Plan #1",["2025-04-03","2025-04-04"]],["Work Plan #2",["2025-04-05","2025-04-06"]]],"source_of_fund":"MDS-GAD","total_budget":"1.00","budget_breakdown":"Budget Breakdown","monitoring":[["Objectives #1","Performance Indicators #1","Baseline Data #1","Performance Target #1","Data Source #1","Collection Method #1","Frequency of Data Collection #1","Office/Persons Responsible #1"],["Objectives #2","Performance Indicators #2","Baseline Data #2","Performance Target #2","Data Source #2","Collection Method #2","Frequency of Data Collection #2","Office/Persons Responsible #2"]],"sustainability_plan":"Sustainability Plan","specific_plans":["Specific Plans #1","Specific Plans #2","Specific Plans #3"],"assistant_leader_responsibilities":["Assistant Project Leader Responsibilities #1","Assistant Project Leader Responsibilities #2","Assistant Project Leader Responsibilities #3"],"staff_responsibilities":["Project Staff Responsibilities #1","Project Staff Responsibilities #2","Project Staff Responsibilities #3"],"general_objectives":"General Objectives"}
[2025-04-10 03:00:39] JSON decoded successfully. Keys present: year, quarter, activity_title, project, program, venue, start_date, end_date, start_time, end_time, mode_of_delivery, project_leaders, project_leader_responsibilities, assistant_project_leaders, assistant_project_leader_responsibilities, project_staff, project_staff_responsibilities, partner_office, type_of_participants, male_participants, female_participants, total_participants, rationale, objectives, specific_objectives, description, strategies, methods, methods[0][details], methods[1][details], materials, workplan, source_of_fund, total_budget, budget_breakdown, monitoring, sustainability_plan, specific_plans, assistant_leader_responsibilities, staff_responsibilities, general_objectives
[2025-04-10 03:00:39] All required fields present
[2025-04-10 03:00:39] Transaction started
[2025-04-10 03:00:39] Methods processed: 2
[2025-04-10 03:00:39] Workplan processed: 2
[2025-04-10 03:00:39] Monitoring items processed: 2
[2025-04-10 03:00:39] Looking up ppas_form_id for activity: 18
[2025-04-10 03:00:39] Activity title not found in ppas_forms table: 18
[2025-04-10 03:00:39] Using numeric value as ppas_form_id: 18
[2025-04-10 03:00:39] Attempting to insert with ppas_form_id: 18
[2025-04-10 03:00:39] User campus: Lipa
[2025-04-10 03:00:39] All JSON fields encoded successfully
[2025-04-10 03:00:39] Parameters bound successfully
[2025-04-10 03:00:39] Statement executed successfully
[2025-04-10 03:00:39] Transaction committed successfully
[2025-04-10 03:00:39] ---- END OF FORM SUBMISSION ----

