[2025-04-10 03:12:27] ---- NEW FORM SUBMISSION (ROBUST) ----
[2025-04-10 03:12:27] User: Lipa
[2025-04-10 03:12:27] Database connection successful
[2025-04-10 03:12:27] Received raw input of length: 1121
[2025-04-10 03:12:27] JSON decoded successfully. Keys present: year, quarter, activity_title, project, program, venue, start_date, end_date, start_time, end_time, mode_of_delivery, project_leaders, project_leader_responsibilities, assistant_project_leaders, assistant_project_leader_responsibilities, project_staff, project_staff_responsibilities, partner_office, type_of_participants, male_participants, female_participants, total_participants, rationale, objectives, specific_objectives, description, strategies, methods, methods[0][details], materials, workplan, source_of_fund, total_budget, budget_breakdown, monitoring, sustainability_plan, specific_plans, assistant_leader_responsibilities, staff_responsibilities, general_objectives
[2025-04-10 03:12:27] Transaction started
[2025-04-10 03:12:27] Processing methods array with 1 items
[2025-04-10 03:12:27] Methods processed: 1
[2025-04-10 03:12:27] Processing workplan array with 1 items
[2025-04-10 03:12:27] Workplan processed: 1
[2025-04-10 03:12:27] Processing monitoring array with 1 items
[2025-04-10 03:12:27] Monitoring items processed: 1
[2025-04-10 03:12:27] Looking up ppas_form_id for activity: 18
[2025-04-10 03:12:27] Using numeric activity_title as ppas_form_id: 18
[2025-04-10 03:12:27] User campus: Lipa
[2025-04-10 03:12:27] Transaction committed successfully
[2025-04-10 03:12:27] ---- END OF FORM SUBMISSION (ROBUST) ----

[2025-04-10 03:18:04] ---- NEW FORM SUBMISSION (ROBUST) ----
[2025-04-10 03:18:04] User: Lipa
[2025-04-10 03:18:04] Database connection successful
[2025-04-10 03:18:04] Received raw input of length: 1434
[2025-04-10 03:18:04] JSON decoded successfully. Keys present: year, quarter, activity_title, project, program, venue, start_date, end_date, start_time, end_time, mode_of_delivery, project_leaders, project_leader_responsibilities, assistant_project_leaders, assistant_project_leader_responsibilities, project_staff, project_staff_responsibilities, partner_office, type_of_participants, male_participants, female_participants, total_participants, rationale, objectives, specific_objectives, description, strategies, methods, methods[0][details], methods[1][details], materials, workplan, source_of_fund, total_budget, budget_breakdown, monitoring, sustainability_plan, specific_plans, assistant_leader_responsibilities, staff_responsibilities, general_objectives
[2025-04-10 03:18:04] Transaction started
[2025-04-10 03:18:04] Processing methods array with 2 items
[2025-04-10 03:18:04] Methods processed: 2
[2025-04-10 03:18:04] Processing workplan array with 2 items
[2025-04-10 03:18:04] Workplan processed: 2
[2025-04-10 03:18:04] Processing monitoring array with 2 items
[2025-04-10 03:18:04] Monitoring items processed: 2
[2025-04-10 03:18:04] Looking up ppas_form_id for activity: 18
[2025-04-10 03:18:04] Using numeric activity_title as ppas_form_id: 18
[2025-04-10 03:18:04] User campus: Lipa
[2025-04-10 03:18:04] Transaction committed successfully
[2025-04-10 03:18:04] ---- END OF FORM SUBMISSION (ROBUST) ----

[2025-04-10 03:21:37] ---- NEW FORM SUBMISSION (ROBUST) ----
[2025-04-10 03:21:37] User: Lipa
[2025-04-10 03:21:37] Database connection successful
[2025-04-10 03:21:37] Received raw input of length: 2503
[2025-04-10 03:21:37] JSON input preview: {"year":"2025","quarter":"Q1","activity_title":"18","project":"Test Project","program":"Test Program","venue":"Test Location","start_date":"2025-04-03","end_date":"2025-04-06","start_time":"08:53","end_time":"12:53","mode_of_delivery":"Online","project_leaders":"Test, Test","project_leader_responsibilities":["Project Leader Responsibilities #1","Project Leader Responsibilities #2"],"assistant_project_leaders":"Test, Test","assistant_project_leader_responsibilities":["Assistant Project Leader Responsibilities #1","Assistant Project Leader Responsibilities #2"],"project_staff":"Test, Test","project_staff_responsibilities":["Project Staff Responsibilities #1","Project Staff Responsibilities #2"],"partner_office":"Partner Office/College/Department","type_of_participants":"Test Type","male_participants":"8","female_participants":"2","total_participants":"10","rationale":"Rationale/Background","objectives":"General Objectives ","specific_objectives":["Specific Objectives #1","Specific Object
[2025-04-10 03:21:37] JSON decoded successfully. Keys present: year, quarter, activity_title, project, program, venue, start_date, end_date, start_time, end_time, mode_of_delivery, project_leaders, project_leader_responsibilities, assistant_project_leaders, assistant_project_leader_responsibilities, project_staff, project_staff_responsibilities, partner_office, type_of_participants, male_participants, female_participants, total_participants, rationale, objectives, specific_objectives, description, strategies, methods, methods[0][details], methods[1][details], materials, workplan, source_of_fund, total_budget, budget_breakdown, monitoring, sustainability_plan, specific_plans, assistant_leader_responsibilities, staff_responsibilities, general_objectives
[2025-04-10 03:21:37] All data sanitized
[2025-04-10 03:21:37] Transaction started
[2025-04-10 03:21:37] Processing methods array with 2 items
[2025-04-10 03:21:37] Methods processed: 2
[2025-04-10 03:21:37] Processing workplan array with 2 items
[2025-04-10 03:21:37] Workplan processed: 2
[2025-04-10 03:21:37] Processing monitoring array with 2 items
[2025-04-10 03:21:37] Monitoring items processed: 2
[2025-04-10 03:21:37] Looking up ppas_form_id for activity: 18
[2025-04-10 03:21:37] Using numeric activity_title as ppas_form_id: 18
[2025-04-10 03:21:37] User campus: Lipa
[2025-04-10 03:21:37] Transaction committed successfully
[2025-04-10 03:21:37] ---- END OF FORM SUBMISSION (ROBUST) ----

[2025-04-10 03:38:26] ---- NEW FORM SUBMISSION (ROBUST) ----
[2025-04-10 03:38:26] User: Lipa
[2025-04-10 03:38:27] Database connection successful
[2025-04-10 03:38:27] Received raw input of length: 1166
[2025-04-10 03:38:27] JSON input preview: {"year":"2025","quarter":"Q1","activity_title":"18","project":"Test Project","program":"Test Program","venue":"Test Location","start_date":"2025-04-03","end_date":"2025-04-06","start_time":"08:53","end_time":"12:53","mode_of_delivery":"Online","project_leaders":"Test, Test","project_leader_responsibilities":["12"],"assistant_project_leaders":"Test, Test","assistant_project_leader_responsibilities":["1"],"project_staff":"Test, Test","project_staff_responsibilities":["1"],"partner_office":"1","type_of_participants":"Test Type","male_participants":"8","female_participants":"2","total_participants":"10","rationale":"1","objectives":"1","specific_objectives":["1"],"description":"1","strategies":["1"],"methods":[["1",["1"]]],"methods[0][details]":["1"],"materials":["1"],"workplan":[["1",["2025-04-03","2025-04-04"]],["2",["2025-04-05"]],["3",["2025-04-06"]]],"source_of_fund":"MDS-GAD","total_budget":"1.00","budget_breakdown":"1","monitoring":[["1","1","1","1","1","1","1","1"],["1","1","1","1"
[2025-04-10 03:38:27] JSON decoded successfully. Keys present: year, quarter, activity_title, project, program, venue, start_date, end_date, start_time, end_time, mode_of_delivery, project_leaders, project_leader_responsibilities, assistant_project_leaders, assistant_project_leader_responsibilities, project_staff, project_staff_responsibilities, partner_office, type_of_participants, male_participants, female_participants, total_participants, rationale, objectives, specific_objectives, description, strategies, methods, methods[0][details], materials, workplan, source_of_fund, total_budget, budget_breakdown, monitoring, sustainability_plan, specific_plans, assistant_leader_responsibilities, staff_responsibilities, general_objectives
[2025-04-10 03:38:27] All data sanitized
[2025-04-10 03:38:27] Transaction started
[2025-04-10 03:38:27] Processing methods array with 1 items
[2025-04-10 03:38:27] Methods processed: 1
[2025-04-10 03:38:27] Processing workplan array with 3 items
[2025-04-10 03:38:27] Workplan processed: 3
[2025-04-10 03:38:27] Processing monitoring array with 2 items
[2025-04-10 03:38:27] Monitoring items processed: 2
[2025-04-10 03:38:27] Looking up ppas_form_id for activity: 18
[2025-04-10 03:38:27] Using numeric activity_title as ppas_form_id: 18
[2025-04-10 03:38:27] User campus: Lipa
[2025-04-10 03:38:27] Transaction committed successfully
[2025-04-10 03:38:27] ---- END OF FORM SUBMISSION (ROBUST) ----

[2025-04-10 05:50:51] ---- NEW FORM SUBMISSION (ROBUST) ----
[2025-04-10 05:50:51] User: Lipa
[2025-04-10 05:50:51] Database connection successful
[2025-04-10 05:50:51] Received raw input of length: 2725
[2025-04-10 05:50:51] JSON input preview: {"year":"2025","quarter":"Q1","activity_title":"18","project":"Test Project","program":"Test Program","venue":"Test Location","start_date":"2025-04-03","end_date":"2025-04-06","start_time":"08:53","end_time":"12:53","mode_of_delivery":"Online","project_leaders":"Test, Test","project_leader_responsibilities":["Project Leader Responsibilities #1","Project Leader Responsibilities #2","Project Leader Responsibilities #3"],"assistant_project_leaders":"Test, Test","assistant_project_leader_responsibilities":["Assistant Project Leader Responsibilities #1","Assistant Project Leader Responsibilities #2","Assistant Project Leader Responsibilities #3"],"project_staff":"Test, Test","project_staff_responsibilities":["Project Staff Responsibilities #1","Project Staff Responsibilities #2","Project Staff Responsibilities #3"],"partner_office":"College of Informatics and Computing Sciences","type_of_participants":"Test Type","male_participants":"8","female_participants":"2","total_participants":"10","r
[2025-04-10 05:50:51] JSON decoded successfully. Keys present: year, quarter, activity_title, project, program, venue, start_date, end_date, start_time, end_time, mode_of_delivery, project_leaders, project_leader_responsibilities, assistant_project_leaders, assistant_project_leader_responsibilities, project_staff, project_staff_responsibilities, partner_office, type_of_participants, male_participants, female_participants, total_participants, rationale, objectives, specific_objectives, description, strategies, methods, methods[0][details], methods[1][details], materials, workplan, source_of_fund, total_budget, budget_breakdown, monitoring, sustainability_plan, specific_plans, assistant_leader_responsibilities, staff_responsibilities, general_objectives
[2025-04-10 05:50:51] All data sanitized
[2025-04-10 05:50:51] Transaction started
[2025-04-10 05:50:51] Processing methods array with 2 items
[2025-04-10 05:50:51] Methods processed: 2
[2025-04-10 05:50:51] Processing workplan array with 2 items
[2025-04-10 05:50:51] Workplan processed: 2
[2025-04-10 05:50:51] Processing monitoring array with 2 items
[2025-04-10 05:50:51] Monitoring items processed: 2
[2025-04-10 05:50:51] Looking up ppas_form_id for activity: 18
[2025-04-10 05:50:51] Using numeric activity_title as ppas_form_id: 18
[2025-04-10 05:50:51] User campus: Lipa
[2025-04-10 05:50:51] Transaction committed successfully
[2025-04-10 05:50:51] ---- END OF FORM SUBMISSION (ROBUST) ----

[2025-04-10 06:16:18] ---- NEW FORM SUBMISSION (ROBUST) ----
[2025-04-10 06:16:18] User: Lipa
[2025-04-10 06:16:18] Database connection successful
[2025-04-10 06:16:18] Received raw input of length: 1171
[2025-04-10 06:16:18] JSON input preview: {"year":"2025","quarter":"Q2","activity_title":"19","project":"Test Project","program":"Test Program","venue":"Test Location","start_date":"2025-04-07","end_date":"2025-04-09","start_time":"11:30","end_time":"17:30","mode_of_delivery":"Face-to-Face","project_leaders":"Test","project_leader_responsibilities":["Test"],"assistant_project_leaders":"Test","assistant_project_leader_responsibilities":["Test"],"project_staff":"Test","project_staff_responsibilities":["Test"],"partner_office":"Test","type_of_participants":"Test","male_participants":"14","female_participants":"10","total_participants":"24","rationale":"Test","objectives":"Test","specific_objectives":["Test"],"description":"Test","strategies":["Test"],"methods":[["Test",["Test"]]],"methods[0][details]":["Test"],"materials":["Test"],"workplan":[["Test",["2025-04-07","2025-04-08","2025-04-09"]]],"source_of_fund":"MDS-GAD","total_budget":"1.00","budget_breakdown":"Test","monitoring":[["Test","Test","Test","Test","Test","Test","Test",
[2025-04-10 06:16:18] JSON decoded successfully. Keys present: year, quarter, activity_title, project, program, venue, start_date, end_date, start_time, end_time, mode_of_delivery, project_leaders, project_leader_responsibilities, assistant_project_leaders, assistant_project_leader_responsibilities, project_staff, project_staff_responsibilities, partner_office, type_of_participants, male_participants, female_participants, total_participants, rationale, objectives, specific_objectives, description, strategies, methods, methods[0][details], materials, workplan, source_of_fund, total_budget, budget_breakdown, monitoring, sustainability_plan, specific_plans, assistant_leader_responsibilities, staff_responsibilities, general_objectives
[2025-04-10 06:16:18] All data sanitized
[2025-04-10 06:16:18] Transaction started
[2025-04-10 06:16:18] Processing methods array with 1 items
[2025-04-10 06:16:18] Methods processed: 1
[2025-04-10 06:16:18] Processing workplan array with 1 items
[2025-04-10 06:16:18] Workplan processed: 1
[2025-04-10 06:16:18] Processing monitoring array with 1 items
[2025-04-10 06:16:18] Monitoring items processed: 1
[2025-04-10 06:16:18] Looking up ppas_form_id for activity: 19
[2025-04-10 06:16:18] Using numeric activity_title as ppas_form_id: 19
[2025-04-10 06:16:18] User campus: Lipa
[2025-04-10 06:16:18] Transaction committed successfully
[2025-04-10 06:16:18] ---- END OF FORM SUBMISSION (ROBUST) ----

[2025-04-10 06:21:51] ---- NEW FORM SUBMISSION (ROBUST) ----
[2025-04-10 06:21:51] User: Lipa
[2025-04-10 06:21:51] Database connection successful
[2025-04-10 06:21:51] Received raw input of length: 1165
[2025-04-10 06:21:51] JSON input preview: {"year":"2025","quarter":"Q2","activity_title":"19","project":"Test Project","program":"Test Program","venue":"Test Location","start_date":"2025-04-07","end_date":"2025-04-09","start_time":"11:30","end_time":"17:30","mode_of_delivery":"Online","project_leaders":"Test","project_leader_responsibilities":["Test"],"assistant_project_leaders":"Test","assistant_project_leader_responsibilities":["Test"],"project_staff":"Test","project_staff_responsibilities":["Test"],"partner_office":"Test","type_of_participants":"Test","male_participants":"14","female_participants":"10","total_participants":"24","rationale":"Test","objectives":"Test","specific_objectives":["Test"],"description":"Test","strategies":["Test"],"methods":[["Test",["Test"]]],"methods[0][details]":["Test"],"materials":["Test"],"workplan":[["Test",["2025-04-07","2025-04-08","2025-04-09"]]],"source_of_fund":"MDS-GAD","total_budget":"1.00","budget_breakdown":"Test","monitoring":[["Test","Test","Test","Test","Test","Test","Test","Test"
[2025-04-10 06:21:51] JSON decoded successfully. Keys present: year, quarter, activity_title, project, program, venue, start_date, end_date, start_time, end_time, mode_of_delivery, project_leaders, project_leader_responsibilities, assistant_project_leaders, assistant_project_leader_responsibilities, project_staff, project_staff_responsibilities, partner_office, type_of_participants, male_participants, female_participants, total_participants, rationale, objectives, specific_objectives, description, strategies, methods, methods[0][details], materials, workplan, source_of_fund, total_budget, budget_breakdown, monitoring, sustainability_plan, specific_plans, assistant_leader_responsibilities, staff_responsibilities, general_objectives
[2025-04-10 06:21:51] All data sanitized
[2025-04-10 06:21:51] Transaction started
[2025-04-10 06:21:51] Processing methods array with 1 items
[2025-04-10 06:21:51] Methods processed: 1
[2025-04-10 06:21:51] Processing workplan array with 1 items
[2025-04-10 06:21:51] Workplan processed: 1
[2025-04-10 06:21:51] Processing monitoring array with 1 items
[2025-04-10 06:21:51] Monitoring items processed: 1
[2025-04-10 06:21:51] Looking up ppas_form_id for activity: 19
[2025-04-10 06:21:51] Using numeric activity_title as ppas_form_id: 19
[2025-04-10 06:21:51] User campus: Lipa
[2025-04-10 06:21:51] Transaction committed successfully
[2025-04-10 06:21:51] ---- END OF FORM SUBMISSION (ROBUST) ----

[2025-04-15 01:10:02] ---- NEW FORM SUBMISSION (ROBUST) ----
[2025-04-15 01:10:02] User: Lipa
[2025-04-15 01:10:02] Database connection successful
[2025-04-15 01:10:02] Received raw input of length: 1137
[2025-04-15 01:10:02] JSON input preview: {"year":"2025","quarter":"Q1","activity_title":"20","project":"Test Project","program":"Test Program","venue":"1","start_date":"2025-04-14","end_date":"2025-04-14","start_time":"18:55","end_time":"20:55","mode_of_delivery":"Online","project_leaders":"Test, Test","project_leader_responsibilities":["Test"],"assistant_project_leaders":"Test, Test","assistant_project_leader_responsibilities":["Test"],"project_staff":"Test, Test","project_staff_responsibilities":["Test"],"partner_office":"Test","type_of_participants":"1","male_participants":"10","female_participants":"2","total_participants":"12","rationale":"Rationale","objectives":"General Objective","specific_objectives":["Test Me 1","Test YOu 2"],"description":"Da","strategies":["1"],"methods":[["1",["1"]]],"methods[0][details]":["1"],"materials":["1"],"workplan":[["1",["2025-04-14"]]],"source_of_fund":"MDS-GAD","total_budget":"1.00","budget_breakdown":"1","monitoring":[["1","1","1","1","1","1","1","1"]],"sustainability_plan":"1","speci
[2025-04-15 01:10:02] JSON decoded successfully. Keys present: year, quarter, activity_title, project, program, venue, start_date, end_date, start_time, end_time, mode_of_delivery, project_leaders, project_leader_responsibilities, assistant_project_leaders, assistant_project_leader_responsibilities, project_staff, project_staff_responsibilities, partner_office, type_of_participants, male_participants, female_participants, total_participants, rationale, objectives, specific_objectives, description, strategies, methods, methods[0][details], materials, workplan, source_of_fund, total_budget, budget_breakdown, monitoring, sustainability_plan, specific_plans, assistant_leader_responsibilities, staff_responsibilities, general_objectives
[2025-04-15 01:10:02] All data sanitized
[2025-04-15 01:10:02] Transaction started
[2025-04-15 01:10:02] Processing methods array with 1 items
[2025-04-15 01:10:02] Methods processed: 1
[2025-04-15 01:10:02] Processing workplan array with 1 items
[2025-04-15 01:10:02] Workplan processed: 1
[2025-04-15 01:10:02] Processing monitoring array with 1 items
[2025-04-15 01:10:02] Monitoring items processed: 1
[2025-04-15 01:10:02] Looking up ppas_form_id for activity: 20
[2025-04-15 01:10:02] Using numeric activity_title as ppas_form_id: 20
[2025-04-15 01:10:02] User campus: Lipa
[2025-04-15 01:10:02] Transaction committed successfully
[2025-04-15 01:10:02] ---- END OF FORM SUBMISSION (ROBUST) ----

[2025-04-24 00:29:57] ---- NEW FORM SUBMISSION (ROBUST) ----
[2025-04-24 00:29:57] User: Lipa
[2025-04-24 00:29:57] Database connection successful
[2025-04-24 00:29:57] Received raw input of length: 1128
[2025-04-24 00:29:57] JSON input preview: {"year":"2026","quarter":"Q1","activity_title":"21","project":"Test Project","program":"Test Program","venue":"Test","start_date":"2025-04-24","end_date":"2025-04-25","start_time":"08:28","end_time":"16:28","mode_of_delivery":"Online","project_leaders":"Test2","project_leader_responsibilities":["Test"],"assistant_project_leaders":"Test","assistant_project_leader_responsibilities":["Test"],"project_staff":"Test","project_staff_responsibilities":["Test"],"partner_office":"Test","type_of_participants":"Test","male_participants":"5","female_participants":"2","total_participants":"7","rationale":"Test","objectives":"Test","specific_objectives":["Test"],"description":"Test","strategies":["Test"],"methods":[["Test",["Test"]]],"methods[0][details]":["Test"],"materials":["Test"],"workplan":[["Test",["2025-04-24"]]],"source_of_fund":"MDS-GAD","total_budget":"1.00","budget_breakdown":"Test","monitoring":[["Test","Test","Test","Test","Test","Test","Test","Test"]],"sustainability_plan":"Test","spec
[2025-04-24 00:29:57] JSON decoded successfully. Keys present: year, quarter, activity_title, project, program, venue, start_date, end_date, start_time, end_time, mode_of_delivery, project_leaders, project_leader_responsibilities, assistant_project_leaders, assistant_project_leader_responsibilities, project_staff, project_staff_responsibilities, partner_office, type_of_participants, male_participants, female_participants, total_participants, rationale, objectives, specific_objectives, description, strategies, methods, methods[0][details], materials, workplan, source_of_fund, total_budget, budget_breakdown, monitoring, sustainability_plan, specific_plans, assistant_leader_responsibilities, staff_responsibilities, general_objectives
[2025-04-24 00:29:57] All data sanitized
[2025-04-24 00:29:57] Transaction started
[2025-04-24 00:29:57] Processing methods array with 1 items
[2025-04-24 00:29:57] Methods processed: 1
[2025-04-24 00:29:57] Processing workplan array with 1 items
[2025-04-24 00:29:57] Workplan processed: 1
[2025-04-24 00:29:57] Processing monitoring array with 1 items
[2025-04-24 00:29:57] Monitoring items processed: 1
[2025-04-24 00:29:57] Looking up ppas_form_id for activity: 21
[2025-04-24 00:29:57] Using numeric activity_title as ppas_form_id: 21
[2025-04-24 00:29:57] User campus: Lipa
[2025-04-24 00:29:57] Transaction committed successfully
[2025-04-24 00:29:57] ---- END OF FORM SUBMISSION (ROBUST) ----

[2025-04-30 03:04:10] ---- NEW FORM SUBMISSION (ROBUST) ----
[2025-04-30 03:04:10] User: Lipa
[2025-04-30 03:04:10] Database connection successful
[2025-04-30 03:04:10] Received raw input of length: 2377
[2025-04-30 03:04:10] JSON input preview: {"year":"2025","quarter":"Q1","activity_title":"22","project":"Gender Project","program":"Gender Program","venue":"San Pablo City, Laguna","start_date":"2025-04-30","end_date":"2025-05-01","start_time":"08:00","end_time":"17:00","mode_of_delivery":"Online","project_leaders":"Auric, Auric","project_leader_responsibilities":["Project Leader Responsibilities #1","Project Leader Responsibilities #2"],"assistant_project_leaders":"Auric 2","assistant_project_leader_responsibilities":["Assistant Project Leader Responsibilities #1","Assistant Project Leader Responsibilities #2"],"project_staff":"Auric 3","project_staff_responsibilities":["Project Staff Responsibilities #1","Project Staff Responsibilities #2"],"partner_office":"Partner Office/College/Department","type_of_participants":"External","male_participants":"6","female_participants":"2","total_participants":"8","rationale":"Rationale/Background","objectives":"General Objectives","specific_objectives":["Specific Objectives #1","Specific 
[2025-04-30 03:04:10] JSON decoded successfully. Keys present: year, quarter, activity_title, project, program, venue, start_date, end_date, start_time, end_time, mode_of_delivery, project_leaders, project_leader_responsibilities, assistant_project_leaders, assistant_project_leader_responsibilities, project_staff, project_staff_responsibilities, partner_office, type_of_participants, male_participants, female_participants, total_participants, rationale, objectives, specific_objectives, description, strategies, methods, methods[0][details], methods[1][details], materials, workplan, source_of_fund, total_budget, budget_breakdown, monitoring, sustainability_plan, specific_plans, assistant_leader_responsibilities, staff_responsibilities, general_objectives
[2025-04-30 03:04:10] All data sanitized
[2025-04-30 03:04:10] Transaction started
[2025-04-30 03:04:10] Processing methods array with 2 items
[2025-04-30 03:04:10] Methods processed: 2
[2025-04-30 03:04:10] Processing workplan array with 2 items
[2025-04-30 03:04:10] Workplan processed: 2
[2025-04-30 03:04:10] Processing monitoring array with 2 items
[2025-04-30 03:04:10] Monitoring items processed: 2
[2025-04-30 03:04:10] Looking up ppas_form_id for activity: 22
[2025-04-30 03:04:10] Using numeric activity_title as ppas_form_id: 22
[2025-04-30 03:04:10] User campus: Lipa
[2025-04-30 03:04:10] Transaction committed successfully
[2025-04-30 03:04:10] ---- END OF FORM SUBMISSION (ROBUST) ----

